3 235 274 285
3 256 11 100
3 64 181 169
3 67 197 118
3 281 112 250
3 29 128 196
3 294 224 154
3 133 259 65
3 156 125 231
3 107 190 147
3 282 19 223
3 151 16 142
3 263 34 106
3 82 122 211
3 71 130 164
3 23 166 287
3 203 290 52
3 124 35 176
3 146 212 265
3 264 173 55
3 210 59 28
3 202 47 187
3 193 38 68
3 24 180 14
3 254 252 199
3 179 215 217
3 227 286 158
3 182 12 135
3 0 126 280
3 87 37 54
3 174 25 222
3 85 239 2
3 83 72 243
3 258 132 73
3 175 160 123
3 200 186 145
3 53 269 168
3 21 283 205
3 216 251 57
3 15 91 204
3 150 18 36
3 39 244 201
3 296 4 43
3 86 22 268
3 253 49 131
3 247 185 213
3 167 172 241
3 198 275 69
3 51 288 104
3 3 225 159
3 99 153 20
3 293 120 278
3 177 48 229
3 105 162 234
3 152 70 240
3 232 1 277
3 140 289 108
3 297 292 33
3 111 32 299
3 121 165 5
3 271 183 103
3 96 17 238
3 295 262 93
3 171 113 101
3 84 246 257
3 233 144 195
3 58 46 8
3 92 138 226
3 141 40 143
3 221 13 45
3 208 60 102
3 117 88 44
3 209 214 273
3 7 127 89
3 207 236 260
3 110 261 81
3 50 98 10
3 161 276 178
3 129 279 242
3 136 155 188
3 63 228 77
3 219 237 149
3 76 291 90
3 266 109 248
3 284 249 41
3 9 79 94
3 61 272 270
3 157 220 191
3 26 192 119
3 62 267 6
3 245 255 230
3 194 80 30
3 115 163 170
3 27 189 74
3 78 134 95
3 206 148 139
3 298 184 42
3 56 137 31
3 116 75 66
3 97 114 218
