25 9197 3123 7457 750 4714 2944 8728 7017 1985 599 1997 6003 4317 9364 7002 5582 5027 2581 5652 6989 7697 9830 8067 4488 441
25 4517 5443 4791 558 9862 423 9574 7856 2891 5527 8984 7053 2704 1793 6898 4373 6887 4440 6875 2539 2360 173 9199 5147 8202
25 8066 5200 6844 9156 4520 3823 6011 3848 2199 8472 8805 295 3824 7304 3741 3358 5798 2425 3436 9712 8837 3371 9823 8942 9104
25 5769 1517 8537 609 2630 1406 5066 464 6027 5549 7314 3259 1969 3730 431 6877 5819 6343 6149 7356 4596 8548 7476 1378 6994
25 4671 1093 4560 6221 184 9892 5387 2042 9278 4279 1356 5029 7665 4515 157 8950 8098 2827 9463 7069 1938 7527 3864 3004 9498
25 3903 2625 7134 649 8465 1201 7369 606 9306 8292 8299 9163 1826 8441 7993 8648 677 2833 3969 2470 436 9542 4648 6455 8709
25 5061 3282 665 3626 5064 4792 827 8454 2531 7570 2866 5686 5479 7263 266 7594 3146 3031 7415 6516 3677 6607 3532 4242 3402
25 1187 590 7181 3857 6477 4220 9632 1991 8364 2733 4105 5315 7866 7164 9353 1412 3916 8755 5402 8191 6990 8998 9786 6629 5078
25 5475 790 7670 2350 8343 9775 6642 8818 4391 190 5361 8115 7472 2544 1254 1435 6261 2805 4957 6266 4577 6941 1045 894 5485
25 3837 2038 877 1509 3171 1671 8994 2200 3847 748 4097 6481 9572 50 9033 7354 3295 1433 3234 5316 5082 4287 7658 7409 9586
25 1050 6794 2309 2165 8424 7111 2055 1330 605 5828 1054 5290 7534 7136 2169 6327 4370 7421 3140 6151 4415 3932 7119 4542 1809
25 2072 9573 8705 1656 7605 7725 4449 4995 8823 1417 4381 9061 8717 6920 7015 867 1525 3967 8216 2367 8736 3612 7400 3438 5090
25 6762 9927 7548 4408 9477 9649 9947 6049 4843 607 3779 9422 2958 7186 7000 3187 8483 3157 6217 6263 7339 4656 1900 7093 2293
25 505 6104 8669 6503 3427 9118 8388 3495 128 6560 2029 2146 1234 1298 4891 51 6337 9342 1526 1193 4765 8902 4264 8289 27
25 1563 3755 4572 167 6816 9240 716 9304 636 6924 8846 4320 878 2615 8317 3773 2767 5551 4925 6173 8383 7120 8259 7021 2237
25 6373 3186 245 7434 3460 7706 7683 6004 8439 366 4021 449 9735 5421 5245 6905 7195 4030 4525 936 6711 7553 1766 2972 2573
25 8874 9571 5575 8925 4748 8194 6068 1236 7592 3650 4296 7086 589 903 3247 7790 2757 1673 6666 678 5877 6508 7932 712 7090
25 8670 1342 2232 1632 3435 1302 4654 3804 4180 3536 2814 544 5416 987 3261 6583 403 9564 6840 4544 9189 3668 6564 5903 5100
25 2566 479 4154 6736 1532 1635 1278 4173 3486 8351 9747 9552 8544 6520 1094 1511 4878 639 592 6868 5804 7168 3610 6215 2128
25 4968 3597 1524 2640 2729 3696 9155 7931 2048 2078 3862 7518 495 2093 2843 8386 6290 5070 8518 2339 2825 5024 9054 4916 5273
25 6355 8105 5534 3953 5999 2019 2321 7176 4135 5571 3827 1854 453 8228 4943 2622 5716 6585 914 98 8684 5266 7070 7250 4767
25 205 3179 3853 1268 2857 921 7948 8406 3715 2037 6169 7887 736 8381 2587 638 3043 1597 2896 5149 2986 3710 5611 1739 6523
25 8026 7862 9462 7585 7955 5541 7700 9102 3924 7662 8420 7066 6866 5579 5554 2021 9379 822 8798 2514 6764 8363 5975 5025 6291
25 3523 3010 6575 9436 598 772 5732 15 8347 1717 7091 2034 5423 5279 4363 2766 8460 1185 1167 8796 3032 2822 65 2824 3714
25 2062 9989 8934 265 1984 2845 9173 8794 5512 9919 5286 5673 5171 2910 5772 3617 7760 9710 9587 2801 1570 6435 3910 9692 2546
25 7461 3711 9591 524 3983 7950 2656 7679 4532 3535 237 5823 6686 9879 77 104 4507 1001 6119 7641 8677 2588 3941 7880 4208
25 7972 6199 688 72 1453 8916 1301 8095 5748 5048 991 8909 1637 8519 1348 3976 5710 1667 5447 1147 7640 3737 5994 3220 9717
25 7308 5987 9577 7084 6462 4879 4086 9896 4842 2541 405 8249 9326 3404 8948 7720 5375 8967 8018 4417 2784 5359 9718 9096 676
25 6596 1441 1557 8834 1931 7063 9845 782 1691 9179 8360 5265 5707 9072 2902 7578 3018 864 4300 379 26 1191 5444 1282 1
25 7080 1659 1032 8037 5435 641 2082 5011 4217 725 7603 8563 3728 4148 4733 2045 1216 6229 8503 79 4963 5202 9761 4981 7055
25 6038 9697 170 619 8027 4682 9416 3877 9056 2016 2240 394 4223 2450 6969 3599 7861 1224 9036 1800 1606 7485 776 4923 2183
25 2992 8139 6075 2278 980 9753 9023 2657 8856 5192 8636 4197 1007 1212 6581 1534 1037 3654 9260 123 9992 4157 258 7157 9638
25 8720 942 1112 8270 9510 6493 7500 9465 2749 5498 8029 4845 789 7899 6614 912 3616 7784 6395 9252 4576 9365 527 8933 241
25 8041 6490 767 2688 999 3230 5594 4793 4351 8490 5345 9242 8694 1065 5067 9091 1957 6981 3307 5002 3049 4348 1034 5250 4924
25 6687 6041 7970 3076 996 9466 5760 7031 9475 94 374 7440 7850 9461 5668 9493 7285 5358 2506 1927 2148 313 5529 8157 1399
25 8897 1596 2025 8989 6741 4961 2908 1221 3134 8738 1389 4492 6043 3987 306 3522 4366 6928 5669 3975 3382 1063 6293 6181 2511
25 4585 1101 4902 4825 3869 8685 2686 4029 814 5837 2950 753 3296 483 8089 9772 2645 7663 4720 8244 9874 7474 8992 4777 2602
25 9686 9290 7312 9936 2613 3285 3814 3512 1852 6401 7675 1196 1122 4225 7793 7458 7779 242 2664 5110 3764 3801 9736 5150 4608
25 2149 8767 7123 1680 4088 8312 7604 6471 1720 9120 1695 5126 326 9331 3923 6748 6693 829 3998 7197 1816 2255 818 2662 509
25 6284 150 4839 615 7517 6803 1647 6403 4248 1296 7332 8858 8368 546 6556 2853 4929 6501 3572 8986 7526 2202 4014 6872 6510
25 7313 724 5908 1910 1583 4114 4752 9560 1265 1489 6753 657 7118 3205 8058 3625 970 7338 5817 9334 2580 3086 7892 7595 1516
25 2540 5660 988 7680 2060 5688 9144 9182 6690 671 4824 3770 1168 5753 5023 4461 3074 6450 5068 8470 8629 2099 3850 6175 8553
25 314 8044 3224 8148 8 7454 7938 1089 4516 5520 9166 6153 6449 7414 8301 2268 3366 1643 2102 8401 891 2903 8740 7876 5327
25 5462 122 7497 8853 9630 5166 2113 5824 7290 8277 3609 5212 7860 5053 3505 1915 2429 603 5687 8232 6 838 9270 2817 8001
25 6066 2873 180 4892 4214 127 7544 4017 1060 8163 2748 5967 4723 2457 739 6241 8676 1164 5432 8645 9026 5307 7499 6476 6137
25 7739 8184 6448 7651 1171 2715 5754 12 3138 9904 4361 1033 851 5941 8641 6245 6294 6752 1456 6960 2610 5483 9902 7478 6376
25 6375 4645 3206 9764 4034 2414 654 5163 3836 3122 2854 5453 9589 3266 5354 1799 33 1392 2529 8507 2781 2773 944 7273 2841
25 6663 3489 585 4022 9513 4342 6507 2913 9750 1013 978 8631 773 1889 2557 7763 623 536 7919 8997 4478 9198 2057 8840 627
25 5113 3416 9055 4089 6145 4746 9115 7058 31 7178 7951 2933 4722 1061 3856 6727 212 4176 9590 8711 1851 7632 6906 8068 9937
25 8196 2447 5719 1628 2562 3083 9164 6671 3459 4613 624 4982 371 1562 3954 2077 4212 8356 5178 330 6427 4010 8995 9971 8071
25 7371 64 1041 9168 380 6998 3765 8930 3340 2248 6869 411 7929 5329 1316 2763 7749 6189 728 6095 3346 2215 1161 6644 8276
25 3614 9284 2551 6478 1353 663 4904 7037 7667 6489 3308 6310 2390 8290 4815 7940 1923 7064 1334 4579 8354 8488 6034 6651 3407
25 8042 9059 6488 4284 2892 9245 5033 3277 2935 9852 2007 3593 7908 4580 3521 7412 548 5961 7006 4140 7809 1544 7467 1870 3822
25 342 6459 8973 4429 6408 8565 6582 587 1988 848 2948 3331 9643 3335 6320 4443 5896 5923 5714 8487 7267 1366 8110 83 5604
25 9445 8927 5882 5591 906 672 3298 6559 8229 5159 6820 1730 8774 3851 9509 5158 8726 8028 4551 4500 2790 7257 6861 7270 7557
25 3144 3070 1904 305 5014 2066 555 2419 9825 9135 3780 3787 7361 6896 7803 5801 7791 3056 4729 4487 9376 8713 8953 6051 4158
25 5333 2409 4327 5422 9496 7447 9421 4110 3189 5325 7545 5778 910 4779 5935 9915 5557 9165 7253 5089 7357 334 7810 4160 7020
25 2520 2147 9263 534 6675 1446 5168 9803 7509 5054 5920 5312 801 7193 786 8319 3454 9032 844 3207 9728 1949 317 2312 833
25 1180 8668 1822 5382 5267 3781 3712 5472 6417 8376 6015 287 8403 3979 9816 6605 4680 7274 6205 834 2377 3288 2569 4794 596
25 3452 4880 4215 2416 8437 8963 4172 3882 4101 7207 6197 3390 1220 2480 8703 735 3351 9358 2988 3656 9392 4432 1986 6954 6944
25 2258 3026 9397 5438 5858 1620 5081 276 5313 5289 7183 5351 1577 7360 9800 8002 6773 4711 9943 6269 271 5350 9967 1119 1058
25 5219 6412 5890 8530 9745 3972 1473 8876 9676 6013 9978 4475 6470 4715 1480 5703 2799 9737 9149 39 5894 3197 96 6679 2332
25 692 1478 7847 8653 1237 653 1879 5867 8166 3385 5268 4002 4817 4831 7842 1631 2652 9041 7282 2498 7116 9944 9751 5674 6411
25 1155 9913 6442 1755 3717 54 3000 5099 1547 8783 9540 2142 8447 904 2191 5172 3269 5970 6533 9721 7765 4651 2835 6242 7300
25 1674 6539 798 1484 7364 8871 7471 4797 1687 3842 9469 9693 7552 2453 5241 1895 3674 972 2621 5428 1214 199 3297 9514 5226
25 9039 3878 4297 3587 3257 5322 9293 6289 3068 9244 8036 5887 3990 5777 9204 2680 2354 5201 7589 5145 4218 8450 3485 8936 4522
25 3119 9286 5514 8305 1493 8835 4883 112 2594 3515 2270 2262 7287 6080 7843 2967 1049 1310 1626 8430 4151 4921 5434 7969 8961
25 2381 3375 693 871 1933 7022 259 8315 1149 6018 5980 8365 745 8675 3840 7489 6628 9268 9804 3188 7491 3913 8393 8373 1506
25 9087 6270 4900 9351 8996 3681 5188 9575 427 3444 3942 1023 6159 6441 1561 5466 8231 1429 9230 7432 6106 7770 2116 2661 6695
25 5035 2744 8236 4514 6884 4534 9991 6782 5020 1535 5992 323 6234 6554 2552 7007 6390 5203 3659 9339 4735 7251 8111 2565 8616
25 8674 4221 1021 9954 8750 1303 1655 7307 3806 4293 2828 9190 1537 5782 6328 4897 2614 831 2222 4749 484 4974 2138 4457 8479
25 3201 1166 5827 9684 5153 2795 3551 3306 2069 7928 7694 7507 4090 2840 2329 2292 1297 8792 6467 1891 4048 3718 3268 36 4143
25 2868 7712 7546 6193 526 7384 5696 468 9868 1022 9394 2176 2306 1828 8367 2962 9669 2435 4770 727 5036 7405 9261 4485 1928
25 6750 6091 3363 8787 5210 6696 6273 9694 3664 2432 5275 2369 8903 6001 8609 2884 7247 6026 3549 4920 4329 7916 3830 9848 2024
25 737 2444 8920 5131 9333 4328 3163 6759 6961 9018 3951 4731 702 9860 6354 1792 8501 4479 2878 6964 9866 4958 7798 8827 4170
25 6039 5785 2224 7600 8005 8258 1074 3470 5473 2217 6661 755 9143 8230 6335 7019 4389 4240 5691 3091 6569 8269 7319 7495 1351
25 5410 8445 233 8838 4473 3378 9674 6598 5430 5451 3939 1678 6346 9886 247 4677 4480 5294 5189 7835 4137 2257 4639 9657 7199
25 4871 132 8923 5339 90 580 4433 7520 9908 485 2521 9441 4450 6444 2122 3991 7621 2779 3590 5587 6415 6760 771 9598 6238
25 9926 5702 880 1273 4437 4848 297 7583 1350 9075 8983 9409 341 4573 7563 6213 6453 1475 7721 4954 5331 5015 8165 2196 8397
25 1468 6225 7033 5814 1498 9644 5937 3498 4011 3692 9648 6465 8189 5958 1878 5661 2091 4691 5799 3417 8999 720 8929 4467 3490
25 6331 7620 8521 5855 4942 7104 2035 9004 1612 9914 4150 3423 1819 4424 6641 9299 4664 4535 7185 1325 3208 9872 4786 3894 8485
25 9269 5093 7291 7035 1740 4503 8571 163 2073 4593 2022 4827 5683 8449 917 8970 5138 2070 7201 8055 2484 8786 8851 8744 7366
25 3508 9140 6387 9030 9777 9924 7777 6363 4950 3891 6742 4422 1308 2975 5111 6300 4633 1919 4472 3271 816 5608 1408 1017 7317
25 3511 1954 7688 9946 7293 7184 8181 8025 3841 8053 5701 6008 8671 5481 3413 9631 5236 1315 8355 4036 9757 491 8021 5598 4007
25 5636 2166 3818 8266 4222 2155 8212 442 1372 6619 5620 4065 7888 3059 8579 6413 533 1709 2921 2359 410 6505 1660 4636 5218
25 5368 7359 1995 8114 9145 2606 2876 2738 7465 7906 8844 1642 1279 2912 8169 3698 6718 5460 900 1890 2564 6643 7368 9704 1243
25 9184 3552 2061 3075 1410 5004 1190 9559 8886 217 8132 6522 6235 1936 6431 3395 3420 1538 9002 1225 7550 3483 7685 5155 8682
25 846 3950 9455 3955 4411 4838 9295 4877 3029 8770 7997 320 5802 644 5879 6065 2137 8573 7234 4319 9160 2890 6749 4806 5393
25 3875 7131 8102 2611 1135 8689 347 7898 8777 9425 7839 3324 620 155 1796 1241 7114 424 3164 7030 4283 1840 4324 7470 4227
25 1036 4944 501 5017 6737 4847 2717 1159 5631 1346 3222 6010 5700 2698 6306 4710 6744 3429 3064 4382 2193 7656 4132 8972 4068
25 4903 9249 9720 7666 6280 628 5304 8937 4978 7203 1158 4277 2323 1586 80 656 1545 5615 3978 30 5433 7854 8575 9335 9730
25 3686 138 3620 7571 2203 4356 3213 5911 3929 7125 6434 1271 2609 6784 8735 9406 9478 5555 3640 2999 4330 288 2658 2492 5708
25 3870 9658 3759 3104 2785 868 2559 5605 9791 2586 2751 5950 8433 6728 3995 2141 393 3981 8034 3381 6791 2261 7459 20 3357
25 3603 6819 2391 2121 3589 7935 7442 3232 3691 4785 6953 2327 8223 8340 6852 811 733 8602 4801 1157 8595 932 1309 6910 1483
25 961 625 5148 1134 2777 9000 3305 3214 5972 8361 4575 333 3565 1138 4933 9319 5618 2490 8080 888 3863 3386 5006 2643 9442
25 1156 3105 3325 178 8497 8201 5258 3038 4243 6565 1106 8747 3235 2617 2174 296 4821 4632 5589 2017 4911 3655 807 4426 8979
25 593 1005 6309 7626 8589 2746 6423 2460 7239 6404 8060 6797 8320 4258 4660 5532 257 1922 2938 9338 8434 5997 6128 1114 5440
25 2524 56 4178 5235 3136 6437 1069 4627 1015 8172 1390 7024 9417 2282 1556 6156 9504 4082 2694 3778 1003 6959 9068 3611 7286
25 3094 3347 6958 2579 7078 2481 8285 1426 7315 2140 2397 3519 6831 7609 5545 8239 5924 2915 8832 8915 8140 3703 6012 6192 1806
25 3175 7772 2020 2900 7639 7807 2385 2342 5030 5624 1137 5886 9080 3147 6329 1735 859 3315 7874 5072 7074 1718 1553 8478 19
25 570 1881 7715 3756 6094 1875 7048 7840 7025 2883 4018 9180 6482 6126 1213 4204 8585 7799 400 6901 388 2823 1103 4956 7695
25 3537 5853 4080 7761 4406 4595 3406 4486 4618 8417 5797 9368 8765 2234 5360 4787 7644 3547 9805 2210 826 7075 1774 8226 2513
25 1391 7102 8922 2558 7561 9279 897 5176 4117 2109 9847 7187 9246 5230 7677 4866 662 8704 4872 5125 5494 9799 4305 3255 2764
25 4316 9997 998 797 2380 4807 4103 5320 6527 7218 783 1395 4870 5372 8419 2440 9489 3886 7223 2612 2127 9280 1989 9960 7702
25 278 1572 7597 9399 3574 8333 8328 390 9238 5 9562 7254 5341 8716 9711 2710 3820 5830 6883 8006 4418 2955 9652 301 7796
25 6771 4851 4668 6473 2550 7208 7819 4414 6724 8268 6342 9187 9235 9302 68 4730 4367 7322 8868 2638 8826 6835 1139 4194 9618
25 6806 4446 6857 9016 4130 1937 5740 543 1027 6020 1605 452 7008 2211 73 2815 6058 7437 8012 722 6141 117 9053 9366 8861
25 3638 9796 8496 5745 1848 4994 7733 7325 7529 9060 4874 4274 575 1768 4949 2364 9317 7435 3946 9352 2604 7560 9315 9177 3586
25 9216 6506 7596 7026 7657 7296 5174 895 3619 8412 8776 9050 9266 1666 4798 3458 3472 8751 6358 8174 4662 3237 6595 5808 4155
25 248 327 7941 4333 5243 4315 744 2476 2882 6634 631 9654 5388 4558 6223 1383 2522 5954 8712 3529 3229 8096 4064 9044 230
25 5758 164 9063 7341 8699 6113 7718 134 2985 5793 1552 6210 8679 2585 8366 5921 8597 9522 8072 7767 8543 4423 2085 8513 9719
25 5199 7112 6972 2994 4118 5248 8527 3977 6826 8078 3785 6578 493 9486 8540 610 4294 2090 1211 1732 385 6414 9765 7262 1866
25 8192 1223 8554 3980 2770 4439 2596 8346 8069 8188 2510 5832 6645 7942 3961 5783 8341 1950 2731 8601 4236 7565 6897 2288 8901
25 2442 9873 1829 2274 3615 5114 9255 9770 855 5891 537 9095 7586 1531 8617 6360 3647 4232 4606 181 7984 9453 6700 1131 5540
25 3262 9003 5773 2445 18 6116 7294 7133 9783 8273 2920 4758 1126 4712 3128 7713 5852 853 6260 1759 7653 8193 8032 2387 8398
25 8509 8780 7902 1765 2787 1908 893 3520 8654 8138 8206 3740 521 4237 882 6588 5888 5077 5086 2914 6391 1317 3403 9797 6738
25 8824 7907 6914 1558 24 9035 1052 4343 9265 8959 9009 8588 7961 7483 5383 4970 2809 9117 9109 5573 7081 1277 3062 2812 7582
25 5223 3474 1247 550 3893 6721 6035 6640 1235 7820 412 3959 6995 2893 5774 9769 7617 1179 4626 6621 1075 4445 4771 3766 7
25 6096 298 4354 1359 7869 4959 3675 2407 6048 5717 1861 3441 6164 4809 6836 1762 6312 5634 9639 2525 2503 9057 4081 3111 7851
25 8662 9407 8819 1592 4932 2087 4153 5677 3926 7506 2046 2172 4688 919 5507 9622 762 7180 5157 4115 107 1287 9984 9921 2420
25 7513 4241 6589 8807 861 8033 7101 8142 5414 3905 5398 6147 9832 4020 1198 465 283 8914 8947 7502 4085 7331 6530 9709 7519
25 506 481 6071 6817 6207 7530 3396 2535 1696 8283 5249 6550 4966 9175 7882 8564 8549 9343 9949 1962 1912 1775 3359 7380 849
25 1812 9232 3152 3826 629 8623 3544 5001 6007 40 497 1329 255 7788 2406 6777 2968 8759 7348 6349 7681 3158 8035 8063 5940
25 8943 5763 5821 9311 3260 9192 7473 4864 2112 8985 6178 1087 6983 2874 105 7523 7034 4834 4376 4464 7256 3060 7051 6250 5690
25 3492 9217 4940 5871 9449 9471 3501 757 4344 3209 6720 5291 3042 7043 1634 1627 261 510 5720 6472 398 2000 8093 4726 1994
25 3034 4015 4005 7395 7867 7321 5735 1487 9789 4508 9114 4431 7377 1929 9714 8734 3241 5588 8203 9020 2400 92 2554 2995 804
25 2375 9969 6639 5371 197 7678 9387 6612 5454 7865 4836 7165 6079 3690 5913 6057 2178 9207 7241 9642 7310 5679 858 7776 6653
25 6237 2700 8809 9106 8182 4186 8546 9672 5190 8547 8247 3752 5756 5436 4886 8733 3538 4281 7559 7318 1300 3267 1769 5846 9076
25 3973 4610 5474 845 6716 6913 1877 3540 5986 4557 705 7521 387 8659 2974 6134 5602 2123 4216 523 3185 3264 3738 6778 7097
25 6538 8129 3584 5406 2467 5374 6133 5397 7780 1876 3066 2108 5238 3448 6248 7814 5021 6370 2953 4390 8867 3399 2745 3689 8756
25 5928 8939 4997 2373 3883 7558 4598 6366 5909 9318 3215 5553 5242 2976 6888 6338 8515 9467 796 9701 3568 4699 4686 9385 8600
25 5259 303 6220 9629 2718 5254 8710 1814 6206 2063 7576 8635 1615 821 2036 4829 9700 4347 8500 60 4984 9502 8077 8568 3911
25 9312 234 2747 8371 238 198 7806 9181 9798 9837 2318 5363 5058 5749 2491 8234 5040 1783 5779 9687 1311 2671 6424 9231 7631
25 4987 14 9288 7909 791 2335 8275 586 9958 76 915 2223 9812 4460 5426 2800 3881 289 6751 5869 3855 3763 1662 6410 11
25 4219 9625 525 3571 2932 2865 4543 3845 1703 1886 3453 4013 3802 1140 7482 2783 6252 4260 4003 3283 6195 4359 3742 8524 8885
25 3329 2509 2642 2300 4193 3085 5932 1370 2437 5810 4885 6144 4481 5404 7574 1318 1708 1000 8529 9792 6033 7918 7130 2402 1192
25 6254 2152 6856 391 89 4774 3706 9818 7141 8905 9200 9131 5583 1206 2201 4070 8300 1376 5445 4253 5731 3095 8618 2659 9616
25 3373 9776 7532 3367 8062 6829 2197 7537 9603 4251 5184 7151 1653 9758 8506 3624 3567 8046 8407 1385 2724 8199 8624 5698 4159
25 5918 136 4736 9127 3539 4121 7139 8957 3309 1240 5130 4675 2044 648 746 6262 8949 946 5300 4462 1260 1143 9972 4496 3564
25 5298 984 1980 8822 2982 6148 7045 274 1808 8045 5260 1726 7846 5139 9734 1288 8091 6719 2071 3457 183 7511 1527 1918 3044
25 6045 1571 6146 6757 1486 3465 9910 1031 4339 61 817 3410 139 3377 6056 8665 6754 2154 53 2916 2534 1266 571 5386 3958
25 3651 351 8890 4273 4887 7531 8010 8753 7696 4383 8177 4849 1973 8349 938 9582 3621 2156 114 348 5264 6186 863 3507 9081
25 2519 3405 3294 3899 5767 5944 3683 6314 5239 7231 5841 6684 5862 263 9094 4868 9854 4499 4265 9221 9655 3904 3449 8240 8444
25 3723 8642 243 545 1117 7210 2279 6657 6127 9357 3073 5038 8614 4247 6940 490 6292 6351 3852 5968 1145 2218 8446 2816 9005
25 9667 6966 4489 2207 4270 5255 9888 7895 3467 5721 4601 8079 8887 2163 5154 4139 5518 5898 6827 228 7624 7450 2361 4059 3762
25 5904 9329 4053 7140 7649 5743 9771 9885 8323 6513 5838 6867 1835 3439 691 2693 223 6203 1411 7416 4521 8879 3 6072 7805
25 48 6552 8845 4035 601 8405 428 1127 1888 6682 350 5872 7987 1714 6916 6082 6667 6165 275 1652 6540 4338 3887 9742 6996
25 2996 925 5449 4175 6353 7822 7698 645 779 3849 3605 6357 46 1204 3053 144 6367 4721 2753 937 9979 7836 7754 6842 5563
25 3279 3468 7367 4590 6976 8718 7740 5654 3968 7363 6062 8074 6863 6579 2837 2305 7834 5723 4813 6389 784 2832 549 6356 1283
25 8649 5214 3114 4268 5927 7493 7673 7787 3934 5094 3437 5667 576 8921 6740 9526 4285 5032 6278 5829 9380 9079 9369 2494 2570
25 472 419 2987 2946 6276 5805 3142 425 2682 8945 4379 9205 5381 8620 5510 2139 9459 4773 874 6943 6774 666 4669 9974 8161
25 4037 6865 4073 1706 3167 359 5664 7601 4025 2633 1554 1723 129 6710 1847 934 7011 9976 5277 3304 331 7082 9665 3162 1972
25 1495 3160 812 353 7542 9614 8127 3700 9452 9248 3793 1887 4181 5842 6617 6624 9912 3898 5508 5204 3040 1522 8899 8536 6304
25 3225 1761 9446 1291 8567 3600 3281 319 118 284 125 5659 8469 709 8167 1686 2590 7757 4261 7963 9556 8039 922 6224 2574
25 3866 3112 5060 6853 5413 2798 7449 5297 7664 7171 6999 2969 5234 568 1067 8877 8059 9801 992 8070 7236 487 8456 5572 5170
25 7727 7192 2103 5180 5900 2666 3885 4257 7023 6597 2307 9535 2583 9617 186 2626 4100 6955 8558 9699 6496 6709 8130 2260 133
25 2627 683 5931 1505 7347 717 3421 9448 2872 8857 5137 8816 8031 2353 9592 5689 1772 5467 325 742 4394 6570 87 3516 3228
25 8484 6383 1685 208 8687 8808 7162 7100 3149 9909 2422 7350 159 8428 4452 2560 9696 810 6630 573 9518 3754 6259 7813 5981
25 2804 6755 9419 828 3963 6299 5342 7528 4357 8423 3430 7849 2130 3582 5515 1184 9993 9785 7246 7496 8443 172 2124 9948 2455
25 4727 4084 7724 6968 4716 3618 9831 3334 7924 5133 5883 5560 8144 726 4769 7901 253 1252 332 2351 6701 5380 8082 8453 5144
25 9671 3422 4484 355 6430 4224 741 1090 769 6243 8435 4259 8061 3918 8607 7194 8946 6725 5859 3727 1386 5971 3940 2464 632
25 4494 3174 5195 6986 4200 8647 1373 8557 5042 4751 8975 7707 6302 8260 7041 6307 8825 1465 6973 2366 1113 979 1863 1431 418
25 3895 3634 5574 9611 840 2159 5863 1470 7152 7960 3666 3569 1501 5825 9226 6483 5009 6659 8264 6037 1462 6823 3117 7900 5712
25 2449 6107 1176 4908 4123 3238 4583 3168 9067 5469 9759 6795 1688 6257 1398 193 444 948 4040 3561 7245 7872 1491 8334 8304
25 952 1281 579 5016 6060 7038 1272 7056 5403 9350 9951 3502 3014 986 5809 5672 6285 7103 21 5419 6089 975 5988 7637 1778
25 1432 7128 8152 1162 820 7704 9660 6838 5229 4969 367 7156 947 7032 9659 4803 2742 5160 8707 8821 9517 1364 3445 1108 7426
25 1837 1461 2423 6182 6315 1217 8791 4119 8799 5461 3341 870 5727 5742 4127 3159 2259 940 2934 4250 381 1026 7638 7541 2756
25 9829 7939 7853 514 7067 3287 1016 1625 1123 1753 5584 7327 8211 836 1025 5377 6083 6812 6669 1540 5699 2768 8291 793 4597
25 1018 2660 4463 3828 1121 3553 8619 4989 5489 7801 824 2547 7065 674 4782 3178 3790 2331 8471 141 3901 4761 9259 8757 2571
25 4384 2668 8153 6054 5385 3726 3165 4910 8038 2533 9237 7719 5470 9534 2918 5878 7591 4754 7115 4477 7295 5897 1284 1833 1650
25 4497 5697 1939 9977 9031 3960 5464 8297 2605 1492 7219 5535 5670 7879 1057 1641 2927 6494 4400 3890 6665 6656 7893 642 2623
25 7046 8385 3219 3876 1719 358 1222 5173 926 7089 1767 6014 5476 9111 8073 8207 2115 5197 8892 950 6402 6484 2678 4184 5041
25 9549 3637 3133 9849 7925 177 1120 3576 1038 519 2619 3155 8541 7701 6301 9548 8411 520 8321 4614 8517 3440 553 8924 3708
25 9222 1039 426 8891 8761 6429 2371 23 5284 6265 3239 3354 5650 2648 1613 511 2709 6067 2829 6440 2213 207 2726 2002 6297
25 5979 3716 1469 5349 3632 470 8205 8314 9142 1263 1697 4999 4405 7568 9274 9524 414 2094 2819 4837 5252 7410 8149 9014 567
25 1019 9066 6361 1924 6574 749 9702 4833 5566 4044 4952 4637 2415 4311 8293 6491 8222 2095 3927 8789 5292 4145 6443 5917 552
25 7630 4201 285 3527 494 475 1728 9427 3557 4263 7593 7536 5868 3563 2431 5222 5401 9437 9836 232 8847 9566 3729 2473 4403
25 6561 1869 6150 8155 2685 7613 7896 7954 5127 185 792 6110 4850 569 6187 1481 930 461 7479 8337 5231 3388 3286 3013 2474
25 7413 2114 7179 6648 1344 7752 8587 4498 2527 3810 7643 5642 2195 5010 7671 1551 9793 5348 460 1842 3148 3630 5895 9731 1455
25 4113 856 9141 2441 7764 1519 5128 1369 2190 1128 6264 3667 9994 3090 1343 5270 32 5905 8896 8056 7248 489 6610 6031 6584
25 6162 957 9511 1590 9013 5537 1801 4360 213 2418 1966 3036 4907 7768 4 6623 8918 5309 7841 471 5966 6405 4935 5835 5610
25 1172 8486 659 8147 420 1825 6231 9536 5684 6139 2735 995 7423 9790 1116 7540 9125 2421 1322 3330 5240 3944 4402 1781 8003
25 5276 8186 8119 81 2711 7439 4895 1262 435 5175 9762 539 466 1267 6426 7977 8463 3072 4174 3250 3570 3154 971 7612 2584
25 7926 9774 5208 4819 1859 3528 2488 4321 5843 2475 5998 5803 8353 7283 3101 2344 49 1982 6131 2634 8271 182 5459 8621 2774
25 5424 3986 2849 3253 9859 9021 3058 8136 7469 4430 5747 3786 5884 7431 5771 8741 8510 862 4930 3992 6081 5415 7622 1893 9058
25 9608 8839 556 6386 3263 8504 6005 9551 130 9568 3211 7894 7243 1295 2105 2160 6514 8213 2691 9110 2395 2532 1965 5109 9907
25 5151 2929 2960 2538 6879 2528 1850 5237 5513 9531 854 300 502 3915 1946 4167 7232 7200 3397 6084 5635 5526 7388 3392 6601
25 3581 6586 522 1760 6123 7598 321 1651 7320 6117 9895 8566 2170 2639 8087 2438 7271 7328 1960 3800 3202 415 9347 290 9794
25 2646 4537 8926 2386 35 1868 3301 7477 9584 4628 7211 3145 9195 9595 3311 3937 3350 2993 7418 8865 6025 1014 8672 252 6287
25 1046 8052 1448 6230 4505 646 1189 5600 5614 4509 2349 3431 1107 3009 4546 4043 6077 7661 4858 4255 560 5963 8752 9678 4275
25 4055 8197 7992 1773 7669 7756 5450 8673 2177 6499 454 4238 3077 8204 9942 5885 2192 2297 7692 6515 251 9034 500 1594 2317
25 9183 1294 6758 9227 8650 4455 1658 2737 9679 413 2256 3970 1797 1654 7962 8016 6893 9878 7071 1892 8176 6419 3595 4483 613
25 6704 3477 145 2243 1365 9581 1731 8440 4869 4673 7728 6140 3663 5595 4717 1992 1444 445 3370 9900 1082 5000 5949 1238 2394
25 4495 5118 7099 281 7406 721 8024 3702 1550 2030 8612 6115 775 2555 8416 2027 2739 9706 8054 6599 8325 9178 719 3126 7730
25 6626 2864 2760 658 5302 1169 4646 1899 4706 339 7397 5875 7028 2310 5501 618 6967 8121 6382 9073 5207 6652 7242 231 8287
25 7209 3680 1420 3678 3509 9126 1233 7276 7335 9988 1203 4622 1306 3789 4991 4738 7708 1072 2786 770 3945 1917 1661 5542 9662
25 1838 1012 9423 2131 9906 9670 7352 1953 221 2791 9101 5465 4049 7636 5299 3722 9703 8431 7736 260 1209 2635 6674 4346 4986
25 1362 4816 2576 4246 7741 1579 9154 3745 2543 6341 9752 6457 8802 9541 566 2754 3974 4276 8281 2496 6655 9410 945 6965 8511
25 8955 5926 8043 4697 953 4927 5185 5959 6451 2347 309 2848 9929 994 2485 8883 9682 291 1407 959 7170 5847 7042 1921 5893
25 4972 9062 8652 5285 5321 5606 4395 1880 2168 6957 4979 6602 7105 9553 3447 6317 74 4993 5762 528 8330 2945 187 8691 3948
25 8561 7468 9159 8400 6707 8495 2966 1882 254 2821 7433 3868 8531 8104 8690 16 4844 5055 1843 2769 8966 2712 1434 8775 2898
25 6938 1601 962 5623 244 4428 3919 9119 5232 2740 2216 1663 7852 7616 8476 6978 9349 8274 8257 2880 8124 293 6739 204 9653
25 7731 3676 4701 8493 9327 7275 2026 2469 437 4873 4039 5227 1004 8227 1357 2980 1207 6798 9550 3989 5274 7392 3192 9219 5052
25 9294 3648 6843 5206 7587 6985 7556 8338 4056 3274 3819 7129 3391 2655 729 6975 7611 4325 1925 6726 1846 869 5581 8523 600
25 6792 981 5730 1856 6061 2759 7237 6859 7815 4009 1763 8088 4147 2264 6212 1815 8904 147 7983 3798 4571 5792 4796 9412 9835
25 2970 9340 956 4570 9953 6047 9320 3258 8023 698 5194 5305 4550 4332 9666 7106 2762 58 3879 6963 9558 7113 1080 6069 2990
25 2401 2860 9661 9723 9833 458 4762 562 7126 8593 967 168 9384 8094 8980 4079 1529 3218 4206 2977 2593 1623 9975 8218 8742
25 708 9746 1748 2171 2161 399 5379 5844 9713 982 6772 25 7329 4262 1293 2132 4191 2251 4624 7451 7036 5263 401 5075 4501
25 4655 3455 5755 794 8458 2012 9555 161 8464 5156 8210 3433 6497 2875 6922 6167 8706 9395 1546 9569 3871 9133 4919 8241 9372
25 6680 3897 1382 9957 3428 5836 195 1764 8120 8375 2676 1099 581 8976 756 7161 2230 5899 6191 432 6218 7762 446 2957 2879
25 4050 3713 7226 4057 9434 4295 166 4493 2311 9680 8382 7959 3994 1396 6545 9122 3102 4661 5543 9588 9040 2356 8538 2151 3784
25 5335 2663 9521 5491 1743 1010 9729 3749 1582 1425 1323 9418 448 3380 4045 109 2728 9045 9506 9047 9024 2636 5974 8057 4828
25 2989 6479 6368 4323 689 6211 8964 7936 6786 5115 5580 2641 7068 3767 634 1436 82 9488 8455 2479 9607 9161 876 6611 2233
25 594 4652 795 6142 8962 1698 5990 931 4584 7572 131 3461 3909 1210 3129 2928 8013 5776 2502 108 1341 1275 8254 899 1459
25 7794 6555 6498 7775 38 5097 4737 7227 8380 3575 1914 4469 9218 4304 2600 9383 9726 617 2894 5640 5851 6326 1789 5741 9500
25 4042 9015 4340 7057 5671 6551 6825 5874 6845 1146 2705 5562 8481 4468 5191 1319 5471 2411 3548 5976 3280 165 738 1105 8556
25 6130 2572 3964 6988 2410 5389 5326 602 1195 3865 4067 4442 417 3558 7995 2471 7206 4060 3750 473 7996 7808 4985 4990 3782
25 1675 5493 1496 8126 4955 3776 965 707 4061 6572 9922 499 2058 328 5848 3153 2575 4653 9229 8555 151 4093 3478 1649 8208
25 3303 4310 6524 8339 9898 1066 3376 1831 7396 8452 246 6246 6627 4835 2512 3190 8813 3743 7305 7590 1845 5544 3813 1304 6333
25 8859 85 4518 3415 9952 6937 3100 7642 3243 3195 4041 2225 1006 8644 9213 7648 7249 9565 3699 7771 4164 3748 8492 4922 5651
25 9224 2983 9107 9037 872 4600 4694 5796 847 3753 8898 1849 7142 7085 6233 1269 2173 5209 9934 1885 8605 1229 7747 1404 6188
25 5692 7682 5355 7288 1479 4371 4642 9599 5487 7076 9482 2844 1340 3795 7920 9103 8651 9212 5251 4409 7912 4352 5951 5531 1785
25 100 6074 8849 2304 10 1256 8681 8944 3861 5818 188 7989 2722 5704 928 3908 3310 7399 7525 7947 9491 6369 3984 6908 2727
25 6416 7441 8919 1722 3685 5946 6163 9092 4541 731 395 2930 5012 6017 2368 4693 6344 710 6439 7155 2846 2370 8282 7933 1734
25 4763 1430 6214 1832 5134 3244 4938 2695 2006 1575 6802 5446 8971 9170 8384 7868 7975 9981 5989 6330 3356 6105 5516 1614 9019
25 6454 4617 1415 1345 8014 6112 7216 8772 5629 6372 6400 7699 2765 8810 6120 7845 372 3533 1657 9457 7686 9307 5505 4589 4859
25 9961 6456 4725 384 8764 8214 9086 8940 9264 9426 1622 2501 7205 3139 8768 7792 8532 637 8695 1377 1048 7705 322 7402 3393
25 4249 7569 8394 9377 1259 95 91 5378 7579 3652 8477 1500 6947 873 2707 4179 1324 4306 88 9763 4894 2813 6864 9887 5807
25 7979 1100 9738 832 1541 9022 5124 7690 6622 542 9403 1681 9225 1503 9807 5490 4776 2235 340 3506 3088 9802 7577 7027 9210
25 2708 22 8252 2096 1604 7797 8352 407 3550 5062 2424 3103 5811 7235 3833 8250 1633 4741 5739 1836 1584 9884 9292 9042 8224
25 3491 2362 5484 1857 7982 3649 5578 4814 4531 8610 6932 7864 5008 1471 518 329 9065 4149 2338 7358 3242 2924 5901 119 1400
25 6458 1360 2319 2730 1523 6892 9006 2280 8298 5083 5456 7108 531 2089 5694 9950 5116 4001 1568 9468 3276 983 352 7153 6111
25 8806 2345 5511 2333 4890 6466 8309 4008 8560 6219 1160 7378 4108 7306 9602 5876 5621 7871 866 3118 4659 2086 2851 3332 5500
25 7229 9254 6379 2053 2940 2508 9481 3701 1668 1312 584 6160 8968 5593 3545 3559 9962 6244 2374 2472 8442 5718 2743 6770 2080
25 1336 4298 2818 5509 2855 6974 6668 4412 8525 7280 4124 2468 2852 2129 4012 4780 1782 8615 6800 3025 837 5559 6313 9610 1844
25 5080 6464 9637 9404 6779 1349 8307 4091 2981 7668 2937 8583 6881 6099 7659 3414 7758 4898 4901 52 1173 3193 5417 4602 3936
25 714 9359 8086 3736 7689 3217 9472 7379 5376 898 3956 4657 1504 2051 2244 9982 2867 6277 7744 6394 1418 785 5488 2357 9715
25 1574 4387 8345 1646 362 3783 3314 3839 5616 4004 3594 6939 4818 6804 4975 1059 4548 6240 8863 9484 3015 7212 8379 9345 6396
25 6132 3087 6878 9594 8324 5135 6136 8730 2504 2495 2269 9813 7394 3383 9596 6256 5705 8559 9188 5439 6267 2607 9070 2219 1810
25 4855 2947 9324 7751 4436 7281 9323 2895 8869 6180 4336 337 9275 7821 4857 9656 8954 622 6200 7238 7389 941 4822 879 9153
25 2537 9328 9121 5085 6801 8584 3657 6662 227 2399 3006 1595 196 7732 8625 4893 9495 5860 236 3080 799 8040 201 2328 4196
25 1313 9939 9863 1976 6070 9211 6890 9843 4453 7832 2266 5585 9580 8451 909 2276 6849 4998 6121 6377 6155 7844 4867 8569 1020
25 4230 8030 9563 9515 4282 264 7393 3672 3846 3534 3623 2673 8533 4136 5816 1246 6101 3682 7087 2507 3556 8655 8586 2221 4783
25 8480 8164 4971 4314 9749 7009 7498 1713 6956 7968 6544 5910 5365 7044 9705 5795 6620 5761 8797 8912 9955 6059 7381 6984 4810
25 2247 2628 3361 4862 7147 5244 1746 1394 8771 3661 6296 3135 9400 7870 5759 7645 2478 1132 4977 9432 8667 1996 9215 7830 3546
25 7261 5427 7422 4131 4111 1289 474 1104 2542 262 6676 4288 842 4707 2515 5228 9811 2984 3265 3635 9980 4781 6480 2789 9124
25 8773 1873 8498 2379 9001 169 7456 6420 5922 1555 9864 3601 1737 7973 4980 3035 5364 3055 2624 1423 7060 997 6350 9935 7711
25 9538 3236 4506 6571 7345 905 9309 4407 5726 2556 8683 6949 9741 1443 1339 1791 2776 3364 734 3046 2461 7077 9689 7098 370
25 8390 9267 9987 7299 9239 2859 2699 8830 5709 9454 8179 4435 1715 7913 669 3604 1827 6929 4899 9959 6573 1228 6915 3669 6903
25 1935 699 4502 1096 4213 6323 2436 2677 4564 6917 84 7163 9985 9116 3069 3084 8103 7512 6632 547 5633 4299 886 5441 1062
25 8528 9685 8112 7452 7264 5800 9128 4788 6889 4303 3985 1955 9132 2032 1109 2477 3952 1618 9401 612 1380 6336 682 7986 7259
25 6046 3724 6518 4078 9899 124 865 4670 4313 6226 9152 1665 8814 1333 6568 2669 2443 4271 1677 4374 1299 2162 7376 211 5390
25 9447 9271 8457 2059 1258 8866 2667 5013 5334 2725 6028 3048 7652 2761 4226 2392 6509 2909 5026 8965 5418 6345 2005 9388 5216
25 8265 5028 3131 5396 5136 1011 5306 9250 7781 7952 7994 695 6858 7012 6474 7362 9893 8539 8168 3500 1110 6388 93 6102 8680
25 2389 2530 1758 34 1129 5536 3023 8326 9136 5632 9963 9017 2797 6542 1749 9474 3935 3320 3216 7258 9519 8723 4790 7174 3338
25 5648 9544 6009 3494 8598 7904 4615 4032 2793 6745 3093 6688 5765 176 8974 9695 8348 3293 3312 3481 8332 3368 2001 3705 1029
25 9375 7059 2632 382 1752 647 3517 9998 8938 5400 2942 3204 3673 1374 1803 2245 806 1897 8051 4337 2396 8180 1813 8743 2952
25 9105 55 3028 4447 4228 9381 8173 9814 1088 8238 7660 7487 652 5906 4512 3524 1909 2182 3831 8425 9523 209 761 1402 1449
25 4865 5129 2811 1566 673 7619 9930 9808 9084 7297 1549 1367 5857 2651 5983 1178 715 4607 6446 1754 4536 2863 8746 8580 9508
25 1576 4547 3892 3613 7096 467 8893 3092 9650 158 8889 4549 8748 5233 8697 8122 3943 421 5143 4917 1477 4510 3210 4581 7774
25 8790 8084 9393 7072 7710 9074 1724 1648 3278 5357 907 4528 1676 8828 3316 3803 361 7562 565 1467 6023 5539 4620 3917 2189
25 4134 2877 2358 2365 8101 2772 3938 813 2448 7370 1205 422 7635 3462 5845 5680 3971 8076 7419 7584 8489 239 4666 1335 2206
25 4841 5577 4244 8700 9273 2388 5530 5503 6694 3697 3872 8409 3097 3732 1560 3344 4928 5257 6549 4162 9451 2831 885 154 9424
25 6282 3027 8459 7145 2741 9905 5943 8145 4698 1745 5411 8246 1499 839 440 7382 4256 9633 3867 6678 8491 5993 9233 1644 1077
25 6862 1990 5794 9337 9291 5063 2834 4128 9996 4188 9578 5880 7878 7693 2516 4764 7109 9539 1679 7188 220 2964 7444 3578 8882
25 2033 3011 9077 9330 577 1906 7599 9082 1636 9698 8577 5596 3957 7824 1458 6535 1245 9530 2810 1030 9634 7956 7543 3598 249
25 8468 3065 608 0 2536 222 7816 9995 7127 5338 2226 1440 6660 8860 9627 8646 4591 4553 3327 4679 1959 6846 5051 2637 6078
25 3248 5662 6689 8991 2459 6347 1507 2433 7217 3653 6946 9398 5870 7427 9378 4804 5162 3180 643 6681 3246 3719 6525 3275 1043
25 4169 1276 5269 1151 7481 174 2184 1183 4307 6161 1528 3466 6970 747 9593 7522 357 1328 4465 2603 5813 3079 63 3484 8502
25 6824 6708 3099 6790 3907 1548 7095 8131 8015 5477 3317 6670 135 616 5121 1130 8295 7783 5952 9579 9123 4650 3191 7463 5706
25 4840 1053 1589 7004 512 1152 4561 4185 9012 3797 5431 6912 8370 696 9243 9815 7448 6729 8666 6756 4559 3456 4377 6873 5892
25 8894 3024 2697 8520 4166 2931 4349 4027 5105 3982 808 7838 1371 7508 1830 8692 752 4918 43 6919 4000 5409 9691 4229 1952
25 6171 6698 2939 433 1202 1683 5550 6305 1515 9282 5019 5220 5183 5978 3372 8870 7374 1607 6438 6982 1701 6576 5834 3496 8410
25 8661 5076 7240 4203 3482 3464 6799 2430 1118 5565 5685 8731 430 8778 3510 4611 6129 7985 3313 1064 7654 2263 2692 8627 429
25 5711 365 1422 4745 9635 8255 9840 3542 7510 3725 977 9999 5119 7957 2922 8048 9889 1630 3379 3503 219 9621 9533 5169 513
25 1926 1488 2054 7748 7946 5367 4612 2869 6977 7375 1250 3997 9822 7213 8461 280 1858 7154 2164 8135 1738 4523 3183 3811 9360
25 9883 4592 3045 7309 3884 9303 9857 6837 4945 1239 9093 2842 7782 9820 6485 4202 1608 8875 5734 5395 4358 8801 3221 9234 6196
25 364 9605 354 6993 4605 3003 3233 6365 9137 9480 6154 9490 7778 3412 6971 1913 1564 5343 3432 1520 7244 8220 6029 2548 7735
25 8958 2716 9520 9612 6979 3434 200 1231 102 6422 8011 9450 1578 4641 2081 2719 7372 6828 9414 101 1771 6362 5519 2526 3199
25 7785 1902 5420 5964 1599 5956 5657 2341 4280 191 3687 8884 8243 171 1472 2456 2214 5982 1975 697 4760 9362 538 6765 4269
25 7555 5568 9112 3476 2015 2322 450 6352 2284 9743 9262 6279 4640 67 5546 5282 4539 7158 4983 9824 8628 1242 3469 8854 2683
25 4988 1424 4335 9382 229 675 2167 5770 7333 4322 2097 1438 6108 5556 6885 3181 6332 5142 1981 318 4109 1321 1292 5945 2608
25 9405 6125 6763 4973 137 2802 5504 7343 1326 2181 4388 508 3355 5775 179 7889 409 1040 9938 3746 974 5850 6311 2267 5246
25 8576 8050 3643 8688 7094 8008 5991 4604 3838 5592 7224 3777 679 8118 1307 530 9677 3115 1047 4588 9316 3419 694 2721 9600
25 8606 6421 8171 2771 2905 6948 1249 6407 6088 7564 2808 4594 6934 2249 6706 5916 9185 4350 4931 4458 6664 3658 4685 1860 1466
25 6185 9130 3047 4023 7927 6321 1379 7429 86 4120 286 4750 9597 7062 3933 9619 3030 805 1624 8303 9663 1770 9196 226 2043
25 3411 9901 5318 875 8873 5039 6103 9172 6249 3518 7802 270 5455 2885 2949 3194 5725 2110 1943 307 5599 9301 2180 4399 9356
25 2631 2325 8185 9690 4823 1405 9545 7150 5746 9865 7182 1598 3925 3002 7634 6705 2242 5939 4800 5073 5655 7453 1051 6172 9973
25 5506 9668 1777 447 1750 6063 7383 6615 1609 5215 9851 498 4658 2599 1693 6891 8261 9748 8784 5480 7974 6534 6030 2454 6809
25 7921 8981 9258 2320 7149 4051 3808 5784 116 3704 8198 3061 9609 908 4684 1619 8719 3051 1248 7215 1521 8429 8294 5854 404
25 9613 7515 8758 9826 2010 2314 5022 5296 4434 4609 4789 8913 2917 4302 4936 6923 3184 3156 3272 3949 9285 9501 3914 443 9296
25 1645 6024 3900 5973 3608 1056 2238 3627 6637 6253 7301 2393 6308 8075 5047 7687 7344 1227 4459 6594 9402 2553 5496 6722 2644
25 9529 5653 7387 5141 8881 4058 2936 202 760 9828 9525 8895 5005 9253 4290 9897 1490 6942 5205 8702 929 6833 3642 2118 1942
25 2923 2589 9931 9784 5839 3108 6272 964 3757 1290 4392 1368 4742 1798 8288 5907 6851 2265 2107 9305 4946 4681 3812 1354 2023
25 7177 8395 5065 2714 9941 6295 7277 8402 3020 6814 3566 5261 1081 763 6780 5079 9532 6788 6832 7988 2135 3302 6635 706 9547
25 7978 1536 5225 8427 4441 6613 6811 3323 2483 3791 8154 110 9882 3896 5031 3707 5069 5630 3735 7647 9965 4530 1993 4504 7302
25 6557 5198 4152 2040 59 3965 9810 6854 5283 4934 2482 3387 8413 1042 9503 1314 2326 5196 6036 8514 2011 1834 6055 6334 1956
25 4272 1165 3829 7252 5132 3774 9871 1727 503 949 3555 1670 2372 635 1530 311 6991 5681 8369 2956 6796 8833 6775 5049 7945
25 7504 4210 2106 8663 8842 6275 8318 7455 6271 3670 2451 4724 604 6124 1780 802 7676 6460 6768 9473 7800 1028 1450 5528 2998
25 3583 4355 8931 3089 9202 66 6432 1865 2346 6926 3161 758 5722 7436 3426 9223 6324 4092 4087 6633 37 9645 5548 2295 4996
25 5639 5253 3141 9651 7672 9744 7324 7857 5310 6468 3081 1964 7407 2227 8421 4621 5757 376 9191 7729 6392 1257 8100 4420 5826
25 9483 7833 3966 4192 2239 9479 993 1978 2383 8418 8633 4375 9716 6894 9256 8020 9208 338 2236 8708 315 8090 7117 9171 1086
25 9620 8911 269 2591 214 8156 7910 2231 6086 3273 4456 626 8262 3001 7964 9512 335 3067 3231 8253 3343 5408 1804 7351 2126
25 3170 4398 7738 5645 5831 6904 4538 1794 9546 9585 6204 162 3450 2076 1974 8664 6174 4233 6288 4198 2518 6190 2675 3641 9754
25 6532 5919 4209 9007 6318 5106 1987 1170 5523 4026 788 9129 830 5384 4239 6016 1388 8811 5861 4183 9834 535 6319 2376 1689
25 6209 7516 9313 6385 1416 477 5815 1945 2649 17 7330 7646 7228 5881 8466 2732 963 7759 6747 9088 1447 7618 3999 5165 8336
25 6073 7255 7079 3345 890 9228 6593 583 9928 6699 5278 3394 2925 2904 7003 9071 9025 1091 2505 9440 4705 8626 1331 2906 9390
25 8399 4744 6348 4016 7966 2858 6381 7386 1841 4077 5517 1588 1883 3487 369 3562 5533 218 3988 7703 8545 5889 4083 6006 8516
25 6447 1251 7501 6677 8793 5486 3124 9 1218 3688 5120 4649 2050 7272 9043 5057 2755 5806 5391 7742 7018 9781 4396 3796 578
25 2052 9289 591 9543 8263 3328 559 71 9413 8611 1733 2549 9257 8278 8279 778 5622 8696 5736 2004 9251 8475 113 8900 1085
25 1413 9300 4309 4397 2684 5912 960 650 29 8085 4915 4386 4291 4052 5663 8092 2889 3880 700 4421 4292 2254 7812 3349 2954
25 8855 4992 640 4634 7575 4743 3665 6950 3321 3284 5586 9932 4953 9336 3471 2620 6616 4416 4106 1208 819 1672 1253 9861 7284
25 2119 3120 2299 9310 6746 5317 4568 1358 5603 6714 1401 5558 7175 2187 1460 3930 651 5902 1437 7716 9428 8426 2911 3292 1068
25 4098 5177 4556 8049 6841 8512 6378 1439 563 7533 6052 2778 4129 1867 3223 392 4380 4529 9739 2713 8000 8462 2458 194 1999
25 9606 1930 8978 4471 3499 5071 9636 478 4318 4099 918 2150 8065 2806 9420 6255 402 9646 4876 4672 8678 9367 2363 6590 2567
25 4334 4756 6646 4404 5866 7881 5497 4513 9194 7050 6902 9767 8831 9869 2681 6109 1079 2861 1070 7743 1474 3739 8245 2689 140
25 5643 4700 1751 6577 6122 5288 6100 7789 8378 6286 7999 6592 966 2302 6692 7914 3731 8331 1419 1932 9527 5399 8562 1944 5186
25 3005 3920 9853 5977 1485 2568 3947 5458 1736 4967 8151 8387 2133 1133 2941 5366 8128 823 684 3409 7446 2965 9894 1820 5287
25 3721 9090 4567 1639 3592 2186 457 9855 6822 1502 1494 6536 902 126 4163 7167 4033 8952 9186 9281 3684 7169 5724 7225 2734
25 7001 9968 668 1363 203 2670 6609 345 3591 3734 2068 2696 4709 2850 1092 5370 6177 4451 732 5123 5984 4638 6492 5969 8721
25 8150 5319 8843 4683 8722 1903 809 2047 8009 8225 7049 3513 7355 6918 3365 5849 1779 9880 3996 2601 6543 2294 1901 4066 3016
25 6563 8932 5034 2991 5096 3369 2997 4795 8754 2780 7958 299 476 1078 1136 9176 5492 1807 2578 2031 6604 3794 4852 3889 913
25 7606 1482 7937 1716 7222 7549 4533 3834 4603 9049 7040 1153 6567 1451 143 3585 1593 7829 7722 3497 8284 2018 1543 8308 2888
25 9386 5152 375 2352 9157 7827 9444 9494 6152 7831 4696 1983 1702 800 5337 8880 4235 2175 6580 2308 835 5791 4112 5985 6135
25 1244 5925 5457 7976 7334 8640 5612 5833 6487 4187 3227 4095 4888 5330 4046 6935 3150 7734 8473 3473 2452 5448 7539 6486 3116
25 456 3425 843 1428 5478 3151 532 115 7408 7923 3768 8467 1452 7837 7061 3606 2039 4205 6850 6064 8988 5161 97 8745 9433
25 9355 2212 7614 7684 3628 7336 2665 9046 7943 9537 6170 1947 6672 2273 7132 764 9867 5567 9151 267 3639 1102 2807 7190 4689
25 4133 4853 1280 3143 1150 192 7823 3758 9839 9819 6821 9788 1818 1682 8660 7877 7714 9108 7980 7818 2049 1270 9842 7260 2275
25 2545 7588 4211 8960 7930 6208 3694 6093 5108 4425 3400 5644 9325 3873 4519 6399 3127 6032 5822 2009 1977 7265 9838 8359 3479
25 8686 5281 7029 2056 504 1510 3050 8878 2720 7917 3342 516 8969 2298 1518 1817 9361 5915 1327 3240 9439 5146 1699 1035 4104
25 45 1855 1194 2672 8200 6769 7464 9557 6053 3384 3821 1076 1514 1230 9083 9780 667 9236 4466 57 8760 6409 5018 7137 6870
25 4038 4882 5713 1226 206 9396 4695 4286 2465 3488 2687 5303 4372 2775 492 781 8551 557 4454 2246 8592 273 6608 9911 1533
25 8162 1585 8788 1638 8448 8604 630 3245 7013 9415 7859 8656 6930 4448 4884 4075 6685 3475 8494 439 5524 4948 5272 1073 3107
25 4125 5948 8377 4301 2281 4757 4784 1497 8769 8941 2654 8715 3805 9806 4753 9817 4312 2008 6731 5678 754 5340 2427 469 1375
25 1941 7166 9990 3671 4832 7623 496 8123 2856 9492 2978 2287 857 3817 1776 5502 463 1084 9623 5007 240 7538 3493 488 5256
25 2961 1559 9920 4692 7107 5930 2439 655 4526 9923 4326 2158 5625 6463 664 4353 6899 969 2136 250 6625 4599 2462 8785 3299
25 6980 1603 9193 8408 377 916 378 8302 6227 9707 8235 2194 3022 687 2250 4031 2324 5914 1788 9624 4094 6380 1967 2348 4875
25 6776 9051 6723 9505 6600 4768 7628 9877 9641 1905 7230 1811 9010 6834 5102 6251 8864 9647 4177 5676 4574 2803 146 5766 44
25 7337 7316 5947 9435 1741 611 6502 711 3318 6436 3172 8183 3577 9722 6807 6517 2404 554 346 7903 7268 2013 8221 343 1920
25 1097 2064 9821 9371 4245 6945 2003 6882 3374 4896 4623 1712 9147 6558 5262 3644 8415 4854 3319 6340 9464 4069 8306 7737 9740
25 5538 9098 5344 7486 6987 8803 3645 8815 5324 9241 686 2758 3588 1786 860 3693 6860 3633 7349 5482 5352 1948 5103 8800 6445
25 4054 9846 8732 5619 1958 5104 2083 9460 6384 6529 3631 751 3121 6511 7214 3835 7828 5095 6730 1542 9850 5787 5786 5789 1095
25 1352 7503 7278 1839 2229 5812 2098 7443 5098 4616 8917 670 9601 7052 6880 2796 7390 8358 9576 6364 2434 6546 1154 9945 8108
25 9844 8396 4811 4914 3928 7148 4820 3554 3443 9214 5167 5164 7873 7971 5938 7135 9346 6118 777 8872 4126 7039 1347 3772 1707
25 216 3352 4805 8160 1640 1617 6697 4438 5960 5122 2886 8804 6631 7817 4545 360 3541 3132 7505 4368 8781 572 9858 701 1144
25 9516 9162 6787 7885 7629 6281 1148 4171 4951 8392 1951 7581 9507 6783 3082 8817 9287 277 9476 2272 2897 6283 4678 2788 7981
25 6519 6895 2616 8372 6717 8608 8357 564 6512 1381 4266 8613 4122 7220 6636 9485 6157 1821 2334 5463 3514 9158 225 1864 3071
25 7922 4905 5561 2289 9732 4569 3125 8438 8779 5412 7342 2561 8634 1710 1338 4308 5332 8004 2403 2871 3747 3825 6931 4524 9964
25 1884 2820 9554 8335 9373 954 7385 9795 3771 304 3389 1705 5564 5437 723 1427 6268 8499 1457 4490 6733 2702 4199 8812 958
25 3760 1602 985 9146 6398 1824 8841 7655 4909 7535 9917 3177 881 2220 3761 6921 8725 6911 6168 9916 7417 3137 2285 2303 3037
25 1871 6201 4369 7346 7353 4511 1961 3525 8248 1174 768 4364 2143 7773 8170 4964 8578 3169 4540 7567 308 6087 3098 1083 3679
25 9766 2426 9756 9277 7905 2907 2701 4278 9760 3182 455 7054 7524 3249 5328 1044 927 9755 3446 2706 6830 9664 4195 6406 3052
25 5953 1332 9048 9203 7514 6044 7855 9841 7462 3176 7766 1337 389 4076 2523 7403 9966 6143 989 6962 9167 8852 356 5715 368
25 75 6198 6322 7092 4772 6997 9809 6547 4778 780 7875 7172 4808 8422 2563 9733 4861 9029 4826 4401 4747 5962 8178 9391 9354
25 8237 8993 2145 2919 1055 2100 4728 5187 5107 6992 4740 924 1692 310 7425 8928 2088 6562 4906 8990 3744 8570 5311 3906 5638
25 1729 8362 9069 3113 5728 8083 5820 5738 5140 4231 6785 1355 8344 887 5628 8657 8782 4690 4586 7124 7411 8836 5112 1725 7289
25 6475 6766 1611 7965 8590 2198 7430 8007 3289 7709 2417 9389 6647 4912 541 9683 9370 2277 3622 7991 4582 3252 9148 8622 6184
25 2901 2446 9100 4926 1971 8219 8643 8505 3560 8432 3322 713 8829 3251 6683 7886 3424 6715 9528 156 5468 6587 4427 5750 5737
25 5695 2398 3662 3769 7269 2120 5221 6179 3931 6528 9139 8987 8599 7490 9628 9099 2830 7625 8508 5293 6603 4960 8133 6085 6092
25 9787 6591 4182 2157 2881 336 5666 8187 9778 8698 4024 9497 2313 256 5087 6927 70 7159 4470 1445 1071 9220 6907 78 3858
25 7915 1199 4708 8313 5182 2428 765 6789 4019 8316 8175 5601 8296 7266 5336 6183 4474 8022 3256 4047 5693 852 2489 2134 8714
25 6743 1009 482 2959 9321 7083 9986 1872 8272 1320 892 2343 9970 9561 2750 6166 3442 1567 9038 7890 8581 103 4860 3636 5637
25 272 6236 4739 9933 344 120 8280 2839 5179 8327 803 3203 5091 294 224 2101 976 4676 4410 8526 2679 4759 9209 621 5957
25 69 8310 1700 9458 8977 6761 4482 1403 434 8209 383 5569 9348 6526 3226 7122 4207 5995 3057 4527 1409 2493 588 8017 7826
25 2826 3874 5101 396 5495 1285 5552 5864 6374 99 8727 2153 8603 5224 9052 4345 582 7401 5751 920 1621 3398 8956 8267 1141
25 9876 2690 406 6138 3008 3695 8632 4555 5353 7547 8019 3130 1200 8724 5856 614 7795 8591 7173 2951 7373 4028 7146 7717 6040
25 8047 312 2618 7753 4554 3054 7191 3543 9456 3809 6936 730 5301 7990 2862 6176 1186 7189 3041 6735 2650 3106 7891 6813 6090
25 2378 7311 3962 2065 529 6566 6548 8630 3019 5744 3792 6303 9431 459 8389 2286 2228 4566 951 1894 7144 1573 2971 9297 9134
25 3212 8350 7398 6500 7492 1998 9983 3078 5675 6228 8141 8215 9499 4965 1397 1756 2315 5840 8159 2499 4063 2028 6900 690 5656
25 9875 1111 1684 5373 3751 8404 7551 7010 8146 7404 5347 4644 1463 2291 1565 6098 106 4812 486 5570 4491 6673 373 6886 2041
25 4687 6158 8535 111 3709 7769 4165 8391 5649 3017 215 4072 9332 9626 551 7934 41 7292 8414 7911 7438 815 1616 5764 1694
25 9779 5056 2413 1690 633 5942 6114 4252 704 8693 7610 6393 4116 5873 462 7858 540 6222 9298 4578 923 4719 2209 5768 7883
25 2014 4766 6452 5280 2703 3333 7221 973 5092 1934 6952 1115 9322 8064 2179 1569 6951 6021 9374 2408 7863 9272 1963 5362 7143
25 2125 850 5392 1629 8374 1442 6925 6839 8322 3579 9078 4006 884 6239 47 8522 6425 7602 4631 4385 3012 3629 2185 5084 6371
25 397 9363 955 2592 2487 5627 1261 1790 8749 5733 7016 3039 8134 6325 9411 3807 3816 8935 5934 2208 2647 2104 3353 8125 6232
25 9724 8081 4630 8116 1476 42 5356 13 4419 1464 9438 9782 1421 7365 8109 4667 4107 6871 3720 1098 1862 1757 4289 935 235
25 6274 5929 5865 4393 8190 7554 3530 3300 8574 4802 6805 2963 4267 9567 4647 561 6732 6397 5037 9008 7323 7944 1610 3844 3109
25 4168 1744 9064 8594 8311 6537 4062 3451 8639 4830 3362 8107 5626 7480 5044 5609 1175 5405 1581 2 8542 2838 6815 349 574
25 681 3799 2870 2792 9085 1669 2084 901 9570 8286 4413 3912 2382 3602 8242 2355 1711 2253 9283 5665 8795 4856 5314 9150 1393
25 7750 5213 408 4161 5597 7745 2301 5646 5217 3063 7953 3033 4341 661 8763 7198 6606 896 5043 1907 6855 6781 5181 8474 5752
25 8117 6258 5247 2752 6469 7607 6933 5074 8233 5499 7897 2836 1784 4074 302 121 2290 5394 1177 3993 9903 3859 2598 2405 1286
25 1805 1591 7848 5955 1125 1721 4141 6000 2144 3775 8534 6876 4732 9174 6818 4629 6691 7566 7615 2188 2271 6541 5936 7488 6495
25 1414 5647 6793 6194 4096 7428 8217 8195 3198 9890 8762 4189 7580 5576 9097 292 4947 7014 6638 5613 3788 4587 1787 6076 8848
25 6848 3337 1384 3007 1361 1219 4704 9870 5117 933 9725 28 3401 9918 153 7949 2973 7088 5346 660 2736 7650 1970 507 1898
25 6433 8951 8436 1979 943 7484 2117 4254 2205 1508 8097 1182 7691 703 6654 9443 1874 4881 2241 8106 149 5525 5780 4190 6418
25 9675 5429 4635 8910 1742 1197 1513 2497 9089 2067 3096 9956 2943 1580 8113 4674 5050 6019 1795 9344 210 2653 148 4378 6202
25 8908 5046 1704 680 4775 2283 4331 6042 3480 8737 6359 9206 9673 1305 9925 4941 7608 7073 6713 4365 5781 740 3733 9308 1255
25 3888 6521 7160 6553 939 8552 3270 3408 9681 3110 142 4362 6808 6649 7755 3854 4665 3660 5193 324 5369 6002 1896 6847 1587
25 685 175 386 6874 6428 5211 4102 3173 7460 6531 9429 3531 8143 4619 268 787 4863 9314 9773 1264 7726 4663 152 7204 2384
25 3360 6298 451 8862 5788 1747 7138 4702 4718 6022 3339 1823 743 9011 2252 6712 8766 1142 9640 4562 4755 7804 5658 1181 2412
25 2092 8907 8888 2330 3922 3166 9881 9856 3815 3200 3348 5323 2074 515 4146 2337 7627 8572 282 3580 9138 9727 6247 3646 595
25 9708 774 1911 517 4138 7884 883 4476 4142 597 2926 3326 7202 7811 5641 8099 8158 4962 5521 2500 4144 9604 9768 7279 8820
25 9470 8137 3463 6461 6658 2899 7233 4939 1968 7047 9615 2782 1232 3254 2847 9827 3418 6703 4444 1802 766 7723 8550 5729 4846
25 363 7420 5407 438 6909 2463 1916 2887 6702 2597 5295 5996 718 5607 9027 5308 4643 5045 6767 7005 1188 5271 1274 9169 189
25 2466 3860 8329 4625 4565 2204 841 416 7424 8482 2486 2577 5059 2794 160 3921 1512 4703 2111 6050 6316 3504 8637 6618 1664
25 3526 7391 8850 5442 6097 7445 8982 7998 759 9113 5965 1600 5682 480 968 9583 8658 8906 2316 2336 5522 7466 4071 5452 3336
25 2296 2979 1002 8256 2674 7746 5425 3021 4713 2079 5547 2517 9891 1454 889 9487 7786 5088 7340 7298 2629 9940 5790 3832 316
25 2075 7196 279 1008 5003 4913 9247 3902 825 2582 9408 8596 3573 5933 3843 8701 9201 2723 7573 4734 4889 9688 6810 9276 7110
25 4234 4937 911 3196 7303 9341 1940 2340 4563 3596 990 6216 8251 2595 8638 3290 6504 4799 1539 6339 1124 7633 4552 4156 7494
25 4976 7326 3291 6734 5617 1024 8342 3607 1387 62 8729 5590 6650 1163 8739 7967 7475 9430 1215 7674 8582 7121 9028 7825 1853
