29 6912 7776 3258 2592 6992 3853 8525 5375 8537 3415 3624 176 3682 3612 7938 6665 7222 7063 5863 3799 9123 956 5544 6149 5796 3938 6122 2279 9273
29 447 9159 5038 2172 738 1437 8996 6755 3790 5817 2880 7782 9448 1177 9199 1779 7221 8652 4343 4794 8904 3167 1981 6749 1570 9463 4569 5182 1655
29 7198 1118 7684 1209 2819 8485 2226 6339 1170 5077 6794 308 2729 7592 7308 2175 7303 1933 6793 3026 2254 4429 3812 6881 5545 5456 3810 8075 4322
29 8554 2117 6926 7624 5127 4158 615 5019 3407 7018 8621 6034 1673 2031 3613 1224 6138 5628 3334 4935 420 10 81 1695 1821 5368 9718 4299 813
29 2587 4853 8086 2080 9872 1656 1274 9057 7251 5389 7038 5286 3187 7688 4220 8870 9371 9283 2271 4821 974 6884 3601 3455 2907 2259 1994 9519 705
29 661 2362 604 2458 2558 6685 5058 1194 26 2001 2544 7877 3999 5932 2042 6739 6735 1446 9832 1866 4943 481 9618 9670 3876 7247 9262 690 8920
29 2457 9630 729 180 1848 4542 2980 1556 9695 6668 7234 9799 5979 6587 1918 7139 750 3464 4673 4385 2780 7975 400 3133 3824 2591 9420 3775 6898
29 1841 3366 9807 1680 3568 7336 4812 2124 8267 5402 1557 3866 4169 4025 4886 3828 4624 852 5950 6902 3963 2017 2263 9154 7722 6966 8521 2395 7389
29 4148 8604 9624 3209 7274 1333 5043 7103 1099 6554 6154 2223 87 4654 7834 6337 7245 2830 9181 4123 5309 5212 1014 7176 9891 6808 3120 3971 23
29 8398 3458 8850 3311 5174 3110 8247 5052 9515 3401 2021 9544 7192 7102 3966 5510 5641 2082 3550 1030 3741 6095 652 6584 938 8399 895 9712 6697
29 9982 2570 6536 6120 1604 9195 7427 5985 6076 4813 5715 2888 7612 6505 3298 5208 164 9914 1119 1607 2879 4475 2713 393 5131 963 1040 5271 6823
29 5835 6571 2052 3137 8073 1805 1717 394 1654 1060 7216 9353 2315 9550 3355 1766 7679 3488 609 3893 9673 6016 1606 4712 6099 9926 657 4222 5583
29 3954 8213 9088 7350 3134 2281 4803 5693 7219 3988 2700 3440 6346 8051 9679 8208 4909 2258 9428 2852 4406 9061 9082 7976 8770 8005 9011 837 2566
29 9358 5117 195 230 6758 7673 5712 1154 3975 9758 5016 5679 1112 135 7849 6783 1480 8206 5826 6537 3625 826 1230 8201 4503 6078 988 980 5981
29 4190 5998 4349 7867 4219 8111 1804 4818 7020 3028 1728 1672 2462 9754 251 4389 2472 318 1494 2498 9882 4910 9909 8792 4153 4354 5207 7270 462
29 2748 8274 6743 2356 9999 1420 9948 9069 7759 3962 6649 1084 9871 6043 903 2923 929 9179 1591 4899 8063 4628 8946 6454 1208 1861 6625 1846 5472
29 4296 1548 5037 1628 4439 424 1870 7634 6561 7957 9787 8238 1748 77 1037 4540 8724 4760 7191 2122 6243 6724 507 1332 9178 4313 7295 5520 2809
29 9155 9611 3849 5898 2308 5591 7080 3885 2482 8912 7189 3377 6013 5353 9125 6018 1136 6199 4699 9255 4335 7916 6298 5579 5741 1483 4431 4118 9762
29 9562 9520 8230 6960 5346 9455 8362 7167 4741 3645 5742 6514 1922 7238 6885 3781 2040 5672 1850 8156 6381 7232 8010 5376 2441 2584 1069 2875 2865
29 8022 6497 1144 3516 3778 2966 7432 2801 9503 6510 533 5573 6585 4076 6148 2344 5616 8640 4373 8513 1193 9523 1708 3106 3935 7982 6754 9700 5745
29 1247 8116 5189 7053 3482 8625 6645 4751 9117 5079 4606 5359 7371 4685 7468 1822 1894 4399 8815 8596 7606 7166 5978 5012 3969 4753 8833 785 6473
29 8336 2006 6403 3677 6460 8941 8910 9747 2290 7240 3428 7836 3057 5692 6896 3636 5822 1433 9646 9381 8614 1888 2327 1595 8507 4445 3069 2065 7647
29 3720 6732 3978 7904 4472 5390 495 4668 5407 1969 4537 2011 8225 668 2598 8343 4637 2391 3169 2874 6487 8810 6593 5036 8045 3470 3906 4974 3660
29 6523 6573 6871 6328 4670 8841 3917 5244 8556 9937 8227 7490 971 8802 7876 3175 5655 1605 7616 2910 2913 5339 330 7732 5887 1148 2092 1814 7269
29 5126 2981 1753 4902 4168 7841 7700 3225 5686 7950 1635 1515 5599 3874 5915 2681 8760 6466 3594 6472 8867 4020 4767 9298 4581 5247 1763 6847 658
29 2526 7130 7440 4895 3111 1065 6582 8817 9987 6327 5709 3370 3152 9036 2825 1126 9846 2107 3151 3374 7114 1324 1262 406 8882 744 5033 6919 2374
29 8456 4603 6822 9784 2792 6333 8331 5227 254 3552 3662 2857 7929 9445 6631 4096 1350 6364 3708 8669 7880 1294 4124 4548 9628 6594 2166 7761 8112
29 7312 6285 9239 3796 5323 3019 9275 1920 3054 2776 7302 7559 7126 5891 88 9748 1709 2204 1323 9310 1398 2717 2287 348 4042 9498 3390 2617 1038
29 8308 6067 5815 6412 506 7289 1027 3632 4972 7448 9243 6069 2005 9570 100 3314 8972 4984 4506 6123 4532 4044 4361 7344 5342 5023 7418 582 9791
29 9653 2815 3267 9291 9968 5165 8782 1329 9751 3219 1168 5080 766 2246 56 1898 2990 1451 2600 9034 5021 8549 8754 2452 1646 6392 2646 2679 5840
29 9474 7691 7887 9583 1937 3277 4809 6248 1754 9465 9161 5793 5790 9473 5103 106 1569 8015 9589 4005 4350 585 5611 8918 993 8607 3238 782 3305
29 2750 6416 263 5634 3117 9080 9115 7518 4565 9790 5925 3693 6367 7683 8214 9318 4376 1664 2234 3486 3695 1781 9858 8872 3635 8937 1490 5942 9058
29 4784 7549 9340 7125 9287 7568 2649 3038 3114 167 6827 6214 5659 1847 1691 3330 2245 3745 5570 1198 9952 8641 1790 2816 1232 2523 4703 6521 1947
29 4661 4732 4049 924 1096 4342 2721 291 3901 4705 711 3566 6085 6603 6090 4834 2964 4595 7565 907 9066 5017 8687 7411 1042 9478 758 5432 7535
29 9917 2670 2597 6338 6437 8066 3864 148 5522 2637 2978 310 1293 6897 5314 957 6774 5236 9337 1246 1221 7006 1909 5276 5377 6053 6259 5040 4105
29 5039 869 6178 510 5143 4807 3406 4317 6681 7365 6092 4609 3811 7475 2918 8605 1334 7428 867 2988 654 188 3705 2850 9801 1568 8305 1423 1810
29 6006 1512 5501 158 8947 4536 1794 130 4228 3031 293 8788 4652 6872 8874 718 1179 4863 8175 1789 2775 6413 7557 6712 1419 2817 1831 1603 3590
29 4553 3287 1460 8804 508 9753 8161 9295 4726 6032 2323 6239 874 9472 2987 5644 9531 396 2709 3773 7827 5865 937 9098 7031 9839 2066 5598 8940
29 42 569 6857 4749 9252 1887 8932 5330 2608 527 6401 8923 3696 2018 3266 8219 37 6799 7000 439 2555 9346 917 6045 1854 722 7253 3888 4660
29 541 222 1315 4233 1669 811 5518 6271 3142 4556 6953 4054 4368 4498 6318 9649 2943 4808 5047 1659 1946 283 4045 6397 9452 6688 8403 9681 7728
29 8627 4677 687 7014 7077 4826 8481 4302 8993 138 1094 8704 1752 7906 7196 2522 9299 4122 7279 2654 1770 8699 2509 1967 4920 9148 5365 3148 6892
29 9606 7233 1995 2515 3411 7220 7527 480 1924 2810 4452 5341 1703 7945 4152 5823 1237 3420 4324 2210 4639 6111 777 7731 8899 7140 4060 6910 6733
29 8949 4164 3976 1612 3211 2782 1951 1143 1534 1150 735 5096 7454 6114 3010 7019 112 6994 9605 4961 4539 8283 4965 786 6442 9004 2996 2286 1559
29 4415 2176 155 4644 4174 9238 3728 2360 2959 6421 8936 434 4860 490 9543 3928 6332 9482 8118 7003 8417 5278 6411 2465 2297 9136 1131 5459 367
29 7181 6445 890 5780 2944 2807 4438 8050 6186 7052 3522 8790 3101 4976 1078 4838 7410 8502 8650 2253 5770 1254 2354 4029 6991 9309 449 8729 5260
29 3653 149 4964 8367 6802 6471 5766 3467 3260 334 2578 5997 7859 1251 5140 7988 1417 7974 9734 1107 6481 639 2604 2396 3608 6682 1510 7745 5105
29 4708 3102 8383 4505 8216 2331 5486 2282 1879 8736 2869 3135 6826 8701 4245 3788 8397 6461 1044 6483 1989 1010 2976 4104 8505 512 1235 1192 9202
29 4560 2478 5870 4724 7939 2728 156 1706 6023 9253 3724 1676 8826 7315 4092 3033 2162 643 1403 7284 2933 4987 8378 304 7599 8068 6651 8302 4311
29 8814 1891 2014 9782 8074 7498 7136 5886 2941 60 3070 4523 9514 2085 8796 1186 3868 5794 1233 8245 6382 6683 3078 7385 147 2161 1429 2026 4949
29 2256 13 7717 1553 1727 6948 9457 815 492 3444 9186 9842 93 6725 4341 3080 633 438 1187 530 9292 9625 1588 9774 2814 9811 6740 2467 1780
29 1881 9454 712 1165 4696 4363 2668 4814 3916 708 7239 8609 55 1159 6112 421 3982 4046 2109 3242 3940 2936 7951 3699 3787 3862 7875 4623 4744
29 2904 4106 397 1169 2615 7961 3168 2402 8599 4798 5949 9331 9938 2359 2856 1342 8829 9517 4891 3803 6000 3443 6490 3306 5075 3617 9119 4305 408
29 5349 484 2183 5716 1489 2683 987 6612 835 5062 3747 7738 885 1431 8828 9067 4754 5355 8233 9134 9554 7724 9129 2129 1808 2769 3468 4209 4440
29 637 7340 1287 4215 6809 2743 1774 7560 3430 2144 3252 3004 9456 122 1218 8254 9665 446 1693 6463 1353 4846 4892 5490 4894 784 511 3603 4331
29 9707 809 2954 2097 8823 9565 5880 635 3556 3883 691 65 8089 4576 8830 5502 3941 14 4453 8623 6524 7777 4071 8745 8410 6079 208 4981 5297
29 4069 1386 5747 3259 1018 2956 2564 5144 5411 6021 6757 2036 6786 4059 4930 5180 4388 2613 4792 8012 5713 873 940 267 3465 1219 2658 7123 5653
29 6465 4903 4455 2642 328 1256 3412 9438 6058 6931 9062 9097 4797 6153 7813 6517 1364 8703 9924 591 1624 211 9532 6283 4664 2477 4680 8588 6922
29 3304 1721 1617 8107 4391 3208 3839 3349 7695 3172 8474 4027 5704 5503 8202 765 979 6003 8110 8048 7170 7773 8684 5496 2314 1964 7833 3032 7225
29 7177 8735 1613 375 4434 5223 968 5977 4015 2221 3567 6347 1307 5296 4690 7693 2619 3372 6825 6741 369 3214 6261 3756 4419 3762 8961 2102 5604
29 6611 7562 1253 3858 6998 7183 9572 8288 8504 6070 1147 1561 9164 9187 1372 7445 4097 7937 1091 8819 2684 2946 4526 6231 9221 6640 1404 9278 4283
29 440 6128 9014 2631 7101 3737 2275 4527 416 6418 834 6129 5277 5433 1063 916 3915 250 519 2885 3843 8913 7869 8789 7173 1183 9167 3239 6687
29 9693 6812 6051 2687 3596 6 9356 2488 6615 6241 6476 9821 8205 6155 8651 1502 9158 4126 8509 8036 7890 139 391 724 1987 5387 4035 9104 2620
29 8495 8864 2149 4653 3200 8926 9225 7157 7372 7526 5352 4600 8080 2049 4781 7962 5374 2927 6906 5107 6879 2128 6756 1877 3912 8824 9668 5725 189
29 3453 3919 2773 2248 3544 2108 4114 8888 1817 1248 9180 7380 6081 5534 1211 3144 4056 6748 645 2105 2407 3230 5649 6595 2032 3221 1956 8733 4745
29 5069 1616 1614 8615 1362 1260 1948 2276 2651 6639 5606 4658 6598 6162 893 706 5424 2310 8042 4083 8459 6210 9446 2494 8953 9830 2849 8463 990
29 4835 4663 9786 7405 6805 5755 3569 5499 6317 7689 4052 9133 5067 8299 3014 2098 1449 205 19 3051 7609 4829 7051 6371 8753 7956 1414 1207 9585
29 327 9099 9596 4346 234 7117 4127 2765 7790 8716 8595 1834 8104 9928 7435 516 8376 9841 589 2938 4748 105 2579 6132 5405 3846 6932 8898 8742
29 6620 5799 7482 3436 6778 1087 7552 7425 742 3992 5124 3690 8611 7843 4384 5560 7325 870 5010 3462 7604 7870 4039 9594 9664 3630 8668 2866 754
29 1696 4547 2563 7847 1104 6533 179 6901 8511 9632 2454 3369 2125 9422 6663 2992 6390 1878 3768 5929 5658 8887 294 4112 1330 9593 4869 5358 7635
29 5828 6428 5613 7649 9427 1160 1555 9724 8246 8329 1390 7352 6985 6407 3815 3065 9661 405 1205 2853 247 3171 737 7146 5122 5030 7209 5153 3094
29 1268 1501 1173 3946 2854 7972 8654 4140 1914 8084 3974 9077 8746 8260 2440 5220 2378 1074 4370 8183 8737 574 133 5617 5893 1135 686 6282 3288
29 3831 791 6775 726 3898 2741 3519 9372 2985 1876 6648 7901 9436 2301 486 4133 7577 3297 4022 3449 5888 5356 1477 5646 9081 7180 4451 4425 9226
29 1357 8858 1073 921 5211 3529 3352 5029 458 2525 1764 7657 805 471 4738 828 1615 1645 9491 1983 4514 9245 1228 7952 6419 1310 6159 2016 9364
29 3373 6459 9595 6055 3326 5631 8585 2804 1961 3328 1998 2621 3924 9430 6230 4538 3985 2178 218 1832 4651 2365 1738 3758 1776 3129 8890 4575 4831
29 5605 9918 3549 3115 6389 4139 9750 9607 3213 7401 4316 7034 8688 6937 8683 7457 578 5313 3707 1675 160 6589 1411 5874 5751 5836 8134 277 67
29 780 7061 3354 3408 620 8318 8594 5485 4291 7260 4931 6254 4323 3676 6963 3959 6212 1046 7785 5253 2499 3285 7246 7753 3825 7447 8822 7375 9775
29 7884 1743 9803 229 6015 7358 7567 622 5902 6136 5589 1210 9162 9240 2774 3995 3782 3732 8563 5234 2074 4627 822 798 5848 5224 5586 3138 614
29 4057 831 2518 7147 7864 1405 7027 7481 8900 1985 9348 1585 7542 9441 307 2068 4499 5630 3097 8470 9010 5737 7272 529 9261 5877 8351 9973 6172
29 702 6518 2195 5657 8738 6291 7888 5795 6696 2759 2826 4512 5926 233 4091 6257 265 4037 9208 6452 437 2648 1306 9323 9849 273 5531 5436 9538
29 6002 2352 6356 2484 547 1013 5851 245 1416 7902 5073 2540 9950 7202 8354 1290 5057 8145 9267 1904 7838 6565 5824 8776 4737 7250 1283 1958 2255
29 6676 269 5001 4734 329 5350 5340 4850 2249 3736 1286 228 7800 3003 4549 1479 612 7200 2061 3076 4643 9306 3229 9771 7301 6234 6279 857 8478
29 8999 6608 8933 7656 9469 4584 3527 3588 6511 3674 8558 6330 7206 9660 476 9341 2439 5205 4185 4541 7666 8203 5517 7235 4226 4161 6354 8658 6017
29 5717 3432 9740 4319 3675 4607 4535 8195 9332 6225 3764 9528 7821 6713 5847 5317 5020 3452 2695 1755 1377 897 3657 2528 932 1068 1265 8763 7640
29 5711 6613 572 6295 9506 7553 2984 912 2198 636 783 8540 8483 1968 1317 8400 163 2312 1532 3842 6679 1129 7408 2193 1034 2534 2139 7653 2502
29 8372 5882 2401 7900 5674 5074 4211 1733 2727 9655 517 7203 4132 1482 5091 8695 1115 321 1722 4156 2444 2983 3105 625 6980 8653 2111 6581 2639
29 5413 8035 4550 8273 3448 649 6366 314 3870 694 3621 41 2734 3534 644 7912 9089 8234 6835 4733 401 3530 9116 8446 9177 4261 9530 9174 2412
29 4013 224 3867 2594 4300 9380 4265 4395 8386 4053 5191 8422 2289 2791 1880 1314 1418 6893 4242 2305 2136 7598 4494 8987 5495 9997 5219 8765 6177
29 653 936 4289 3194 3308 8261 8222 2406 3433 7932 9211 5351 3856 5192 3429 9085 8612 2057 3710 7434 1086 8526 4121 8568 8565 9168 7429 4012 4951
29 7590 5727 390 3257 747 4497 5735 9546 1649 3350 2606 5130 7925 7996 8778 5964 7026 4672 6703 8311 1032 1899 5348 7399 9588 8739 4625 3637 6821
29 6315 5564 9993 8281 2877 6718 8578 231 7917 8713 2562 4353 6768 8647 364 6653 198 6819 8121 1410 1095 4887 788 8144 7757 9731 9468 3835 170
29 2071 7822 9141 9160 6310 3554 1441 9400 8394 5966 4765 2389 4969 3993 1942 3881 1162 501 2575 9719 9045 4563 9489 6377 5272 7299 7533 9091 5914
29 2896 6557 1639 9826 7808 5610 6431 1124 1627 8532 2645 6675 1602 8576 6474 2527 2492 5128 2058 4914 1282 8630 5594 3124 2320 1359 896 4774 8346
29 9796 2392 8053 5161 8573 256 7514 9300 8228 4196 1507 4934 7824 6141 4377 9382 3688 1152 8390 2872 5556 1043 3307 9280 6858 3083 5379 2556 3648
29 6121 4551 6105 3381 2672 4657 9601 159 7630 7990 9965 6203 9313 3968 3766 7305 9012 9373 2087 4856 6309 7610 8700 1340 2053 6369 491 7036 2268
29 9197 54 6322 4360 2322 3713 274 1539 9976 460 1565 215 9534 9942 333 2822 4356 8359 6349 1653 685 8632 1869 4183 6692 2048 6816 5781 872
29 862 6450 2742 3310 6833 2627 5778 3356 5494 6888 6546 255 7596 9029 3769 1459 5380 6184 8123 107 8055 3525 3007 5295 6936 9864 1448 2266 6551
29 6954 3389 8598 2120 7143 8655 7436 9916 2486 8013 5263 2662 4844 4577 6223 6319 7519 4633 3483 1912 7969 4382 6040 9915 1783 7792 1346 4960 6654
29 3918 4347 4926 1231 7680 5242 6321 9749 4067 8587 5802 3500 3518 4817 4710 2912 3099 488 7348 1337 1806 5968 8731 7965 315 9369 2479 3112 8455
29 8163 7540 8143 4840 7758 7611 6541 1903 3093 7400 3027 3353 5937 2170 3484 2072 3290 5213 4120 8528 6293 2364 9209 4478 6265 6550 8030 7979 6943
29 8974 9551 3536 7056 2862 3096 8181 4988 2291 1061 3558 1679 7597 6891 8798 8275 8978 5025 3629 8322 5563 8342 8379 6163 8498 7162 3192 8294 5200
29 9443 361 8767 2408 7503 5916 3614 6386 5535 1278 3610 5005 3615 8327 4348 6962 8420 9021 8370 7242 4936 6921 7725 1768 2012 5645 8560 6219 6957
29 292 6335 6894 191 7293 9951 6928 5462 6745 270 4236 8862 1288 9698 3609 8980 598 8140 1151 8902 5154 6269 9889 4871 362 5210 4310 2168 8990
29 5562 2242 3075 7495 359 6084 6915 3066 5064 24 2705 792 7618 1730 9237 8411 4618 2710 9440 7580 8309 442 5385 8291 3337 5682 8881 6484 2034
29 7619 795 4422 4529 6074 4274 301 1172 8741 66 6952 6999 3947 588 6969 5420 7778 8441 8137 2794 6848 1765 8220 2251 2063 9127 9126 485 246
29 5013 4634 6422 16 5268 6087 672 7585 5099 6886 8968 8708 1749 2581 3806 9580 8355 1011 1660 5222 9050 5761 3439 6056 83 5963 5281 8357 9766
29 8777 886 2824 1023 206 6548 6270 3425 2799 17 2426 1217 9958 5108 9851 910 7771 7407 5255 4257 3345 2341 5321 5145 6660 5637 1955 5734 7795
29 3067 8371 6596 8977 3461 7727 4256 9834 6567 9319 969 4739 3611 5090 3469 4970 2007 6218 6398 5327 8341 1197 8764 4616 6634 858 1875 3564 4364
29 8597 4011 7723 9925 8473 7910 7671 4231 2132 5471 417 3837 3217 7119 6133 5702 5046 5071 7178 7970 7300 6860 5265 398 876 8644 5193 8256 824
29 5625 4187 3131 7258 4594 2653 5328 1191 9184 2906 5329 9229 9947 9305 8813 7574 7073 30 1551 7663 9651 7256 6444 1907 1582 489 9391 704 4473
29 3899 6592 27 7858 144 4204 5458 3480 7476 6057 1744 6555 2975 4308 5947 4911 8671 6770 5478 571 6771 8725 8610 8098 1837 4381 6968 9800 675
29 5087 6144 98 1025 5042 8916 1000 7699 4528 8115 5624 5705 8939 2859 5946 755 6890 4081 7747 4675 2081 8757 9764 1481 7314 851 5771 6795 7280
29 9730 4142 5760 3182 6064 2043 4304 3894 5635 877 7812 2675 1574 542 4239 5663 9694 3694 5081 4570 4557 9592 3457 1035 5498 3718 8561 5577 7903
29 6869 1630 2160 7536 2696 2164 1611 634 9686 173 1259 5965 3936 3698 714 3524 8928 8381 9289 1935 8518 8142 6433 4900 6855 8543 6769 767 9508
29 878 1098 1990 4082 4819 3779 2661 1644 7120 3820 2205 7378 1835 3514 5816 2027 9870 9549 5889 1075 3873 352 8462 3647 5006 1328 6560 4407 6887
29 1457 7823 108 3379 1462 2464 6982 4413 2077 6766 7442 1300 9270 2470 4036 9320 9989 6147 3789 430 171 997 5878 4636 2618 4461 4862 4725 8279
29 280 715 4427 4468 7096 2381 9464 776 6721 6502 2889 5814 4811 7866 4743 9615 4312 4704 7416 7277 5546 4501 8893 3447 8494 4033 3223 673 1820
29 4050 9415 5245 4040 1767 9502 624 342 1791 445 9386 2474 8190 9887 6193 4601 2453 854 1572 839 6286 5550 6240 8277 9705 6647 8166 2726 9079
29 2674 7328 5561 8931 2521 9408 1890 1836 5756 7463 1678 8345 6046 496 6715 9773 982 9377 8452 2355 4870 3424 1711 3520 5901 9703 6828 7589 6455
29 5319 8418 2060 3953 9535 411 6577 717 5412 5347 2475 7033 8070 9378 8772 6060 9217 9752 3383 5473 1311 3188 9333 6797 9172 7211 4357 3071 7188
29 8859 4589 699 4463 8690 3852 8522 6944 8930 7575 9678 3721 1142 4502 9907 1720 3772 2953 2664 4917 4077 3359 3025 8182 3384 7681 9682 1066 4141
29 9344 1366 2101 2593 1522 518 7899 6710 5031 3589 8718 7960 3248 4723 3984 7149 8021 7831 2182 8589 8103 4849 573 6447 628 4722 97 351 3198
29 8396 9140 1621 3127 5665 4207 1175 1468 4138 5098 353 8581 7763 7248 2500 1536 8562 8149 5730 6395 3528 1939 3712 9578 9166 4195 3507 6082 7323
29 184 5427 8875 2609 2640 5714 5056 5184 665 8320 7650 688 8333 8409 1811 3098 3804 1164 4194 7811 6125 905 6801 6379 8193 2013 8981 7675 2243
29 3492 4978 8421 1587 6747 3642 5757 68 6706 3043 7201 9737 8077 9013 5336 92 2229 6528 7924 2100 1007 7025 4944 243 1271 7311 8031 9894 58
29 8043 7762 6441 4492 6024 9822 3748 9227 5386 5837 536 853 6307 2788 2370 6864 8480 6302 121 3244 6699 2982 1006 3333 946 9459 3616 1227 6618
29 8837 6705 7984 2398 7919 5913 1936 550 1212 2185 109 6526 6837 8457 5850 4815 9315 8038 5049 7766 7895 3130 3607 8072 2951 5532 7291 3808 3041
29 2969 4486 6164 6350 2595 2438 8633 4707 3228 7111 3508 451 800 2274 2154 3091 2715 7941 8466 2628 5439 7871 2519 6272 2445 509 5962 6008 5948
29 286 6073 9277 5142 2881 6208 2751 3991 303 6417 4055 1657 6782 9609 2633 9706 1345 3816 8825 7060 6684 9897 5072 414 5736 7643 920 7881 2580
29 7190 6803 3809 7826 1597 3157 1298 9795 2372 8173 537 5167 9035 2215 9667 6644 7477 48 5843 8117 1944 8960 9709 3540 7298 5216 8698 8209 4369
29 4648 9949 8992 2636 2033 845 2738 2393 1308 3667 5862 7726 5054 7638 3896 1688 9259 4351 8728 1839 3542 4883 3215 1867 4337 9475 7907 4062 4170
29 7009 5 1952 2873 6895 3939 472 6142 4115 8771 1725 821 2596 9873 6543 3738 2387 2238 181 4785 202 7471 1980 2118 4268 7810 110 8448 1503
29 6789 7331 8570 5785 8253 5373 5362 2965 7390 4513 4224 7632 6296 3313 8579 8058 4002 7437 1840 3638 2895 6360 4824 520 5803 8071 9325 6260 8672
29 7911 9143 6109 5092 7424 6213 2442 6813 9733 6661 2495 8003 9885 9173 4995 3301 8119 7112 2689 7868 9732 5788 2940 1472 5288 3658 6470 7391 8546
29 8296 8297 174 2846 3121 4763 1552 9001 4063 3823 6077 8922 78 18 7044 7892 6245 5620 1057 8638 9189 4293 6570 9442 7621 5290 4162 4018 3994
29 7394 7489 1795 9063 5372 5345 1393 435 2156 4720 6824 1941 162 9367 5095 5710 6796 4094 6652 4612 8749 6009 2434 9203 4004 2955 7160 8645 4047
29 6170 4264 4181 3591 864 395 5408 5967 3286 3160 6173 7696 6591 2939 7644 4405 8750 8352 8516 5753 6716 8109 8232 4932 575 5540 3021 9350 7862
29 6500 6480 6861 2318 1255 4456 5159 5504 8514 9355 5676 8606 7617 8564 6606 193 8196 2625 8011 4693 6313 8950 4404 1005 4320 977 9434 4843 2334
29 9388 8257 5559 82 2835 5528 5176 4679 3340 123 9480 5744 8471 3730 8601 4764 7017 4979 373 5437 9635 3622 9196 3680 3271 2272 9657 2754 4756
29 7837 6929 3840 1716 9244 8185 1387 9785 3623 4332 1633 9042 7341 3022 9669 8406 4423 9200 9494 4359 973 8006 6690 5684 3403 1137 6513 7107 7404
29 5892 5137 289 7648 2694 4610 9848 2046 6391 5953 8544 272 9210 9038 2147 51 1865 2114 1745 9875 4309 4952 5175 4632 8095 8908 8835 8207 9191
29 2055 2926 2766 6628 2067 3254 2931 6266 5621 2247 6978 2949 4779 5363 2921 6467 4017 3074 7959 4927 528 134 2908 40 4286 4555 608 1799 752
29 461 3224 7752 4689 5906 595 4214 2641 5333 9857 5391 2369 8686 9247 1110 9879 7584 3749 276 3581 930 7290 4789 9207 5113 7639 6970 6262 9157
29 9590 7470 4852 9560 3582 9831 3060 5786 9985 5507 8962 855 9761 2405 6946 4873 961 1214 6525 7914 5434 4674 5740 1690 5779 4771 7829 7576 9407
29 6989 2656 3513 2833 8959 781 3595 8681 6175 5839 7662 8582 8106 452 3515 4913 7462 1992 2549 2886 8680 7420 2056 8325 8885 4307 1031 4411 7379
29 6068 7801 6597 5607 3801 8906 9060 8017 1384 1518 5629 1097 5164 663 5852 6530 7319 5696 2302 3980 8839 9629 9048 3179 8628 7087 8863 1554 8432
29 898 86 136 9317 8963 2671 1252 6979 3697 4392 3649 3371 317 6695 2890 9370 846 753 6380 3605 4167 3293 3284 3972 3180 597 5177 6363 9393
29 2380 6098 8720 4276 5588 6729 4315 3241 2589 6498 21 939 2548 4442 6588 7098 2569 4768 5304 9206 2298 7070 1361 8127 1204 3965 7271 6406 2480
29 5881 4470 621 5267 4608 6405 6038 5497 576 2137 7530 3040 4254 8935 8162 7628 1052 2019 2871 2730 1295 8433 43 9000 8545 7456 9390 6664 9727
29 660 7057 2089 9992 9738 4223 4762 6575 6435 475 1463 5909 8176 1976 1545 72 7082 856 2576 2375 4436 8988 8148 814 1083 9798 3414 4525 7985
29 7633 3341 2264 3158 9109 1453 4656 5695 7613 2051 8328 129 7175 1055 9462 8004 7035 8660 4827 1663 8018 8952 3450 4107 7011 1650 9920 7989 6540
29 7345 7138 5215 5139 1220 7081 428 9553 7660 4235 2539 4682 3320 9564 7509 6202 8657 3005 3618 1201 6414 9507 9402 5467 4711 4079 1430 1048 2424
29 8310 4280 2870 5221 9853 7212 5941 1658 7127 7004 3150 2121 8555 7151 6852 9581 832 7706 7846 5856 928 5283 8572 6602 5481 9007 6911 3035 3560
29 6674 4166 1735 6385 2836 1500 4828 7794 8840 8191 5382 9835 5093 7148 8489 4783 9429 2677 1239 7848 9977 3845 3541 7863 2746 3506 9521 2430 7354
29 8392 1593 7028 306 210 7142 5922 9559 2701 532 2610 5576 605 3545 3673 960 2786 3347 9837 6355 5009 7243 1694 4396 1751 4269 9540 9930 8023
29 5285 1581 4667 5169 6399 8178 1689 9990 4387 9033 1842 253 2512 259 7091 7282 4832 8276 2506 3280 4251 730 4416 1966 5474 2917 6776 4171 8666
29 3316 8092 2797 799 514 3202 9725 207 5551 4561 820 119 6304 2552 29 1824 4229 9326 9626 7817 5460 2999 4793 6393 5849 8454 5121 5455 1666
29 5512 816 4344 5581 4746 4802 9637 7665 9492 22 2928 8044 8002 7971 7474 7133 6807 1535 8712 4786 6489 1385 5959 9877 3378 1923 630 3719 1580
29 209 2261 4598 383 5085 5924 2491 6194 2911 5980 1736 3687 1792 3042 8512 8675 9362 9903 4665 8685 1723 1527 7627 7465 5683 868 1443 2805 8250
29 4007 349 8791 9991 911 1652 1121 7944 5772 3743 3884 6759 2496 5425 6103 3128 4117 1786 8945 1549 2222 8752 745 346 6448 606 4524 287 6719
29 9654 1368 7636 3723 305 1760 3125 331 7701 548 3717 4997 5008 7913 4866 7116 9096 4994 8674 4702 8569 2199 817 6920 4867 2069 9065 3477 49
29 9288 5414 1229 2319 8957 709 4113 4955 7737 4232 1491 3013 6182 141 3364 9412 2901 2002 3691 5813 5150 1241 3466 3855 1070 9185 883 9713 5041
29 6340 8445 7500 6849 111 9840 941 5673 9701 7852 4477 4217 3871 7539 8619 2699 5732 5464 6566 264 1464 2201 2665 1465 6750 8626 9794 3191 6958
29 8130 1758 3587 5441 9962 2697 8869 5202 2914 3363 6836 3459 5806 8520 3570 3251 6569 1632 6997 9512 7999 3734 8924 7531 3186 368 6342 1816 5858
29 2755 4390 8240 3571 8427 2660 2787 9254 8056 4959 3119 6788 2418 7865 3865 4173 1576 6737 5769 8583 9645 3253 6488 7936 7333 7360 7642 8218 271
29 8892 5746 1238 2930 9376 3485 6303 584 6031 1731 3273 6831 5539 8584 1668 1513 1757 8575 1371 4281 1567 4868 2384 9772 8851 1088 5935 5157 6865
29 4617 8037 8307 6052 7703 1517 4687 7438 8667 1267 7278 3573 8591 3402 6702 3886 926 544 5975 1801 1382 465 8677 5936 1843 2194 5116 8198 6800
29 7367 2767 7357 4681 9213 5662 2435 1558 5470 1347 1584 3854 8314 9638 3162 3338 8079 8407 3565 9266 6851 1103 9235 6538 5776 79 4155 7144 3961
29 6964 389 3460 7395 2559 5992 6817 5168 2377 9881 5575 1737 3955 2151 2349 8529 282 4088 6434 7739 1167 4567 450 6343 8269 1338 8635 4203 3499
29 2722 3090 5728 3009 9603 338 9955 9923 2419 8696 2167 2330 8673 4282 5773 1401 9392 6854 5988 3689 3368 900 2764 1188 412 6124 1886 9233 6118
29 1544 6693 7710 565 5895 3088 1081 5542 8284 6415 6007 4465 8461 423 6331 4583 1473 3190 4833 2842 6947 2303 3920 2409 2839 631 3859 2113 1873
29 8047 3435 8664 9122 4823 5509 4297 6384 4558 4573 6742 3149 607 922 9139 284 5952 4586 1592 7320 1313 7210 5639 365 7940 6396 2206 6030 8113
29 9781 5750 8102 3315 8007 6574 6781 3231 1651 1579 1076 6440 3548 3574 1759 4176 8662 9284 1523 4252 8620 2086 1902 4184 116 3878 3336 6215 5053
29 418 126 7600 7690 7488 7661 5452 3791 4134 9118 5258 4977 9423 3113 7497 3709 9330 8820 5995 8723 6917 6137 7403 991 8332 5360 7631 4922 4735
29 6914 8157 5287 5678 5250 4929 9343 6558 6104 2843 9354 1761 2703 1444 1796 6253 7046 4414 638 5446 3559 5320 7396 7786 8794 8515 7730 3176 5166
29 6636 4510 5146 7067 5275 94 8226 9904 4284 9205 2262 4851 3327 6446 4100 4075 5209 9414 8868 1858 7480 9073 2192 5197 5270 296 3895 6556 3473
29 666 7029 9533 4352 2806 5530 7472 8602 9735 2376 1729 8617 9406 5738 4402 8141 9219 9518 140 4740 143 203 3892 5061 3082 3981 2887 5262 3491
29 5489 2252 5792 555 7603 3666 952 9868 7980 6609 3073 5775 3714 6207 3597 8059 4008 8062 8434 2768 4830 9271 4345 6641 1525 9421 8391 8895 4334
29 3927 1640 45 9383 9138 482 2431 1122 3081 7709 8751 1395 5011 5257 9481 3237 8385 5048 5500 6409 8479 5943 8845 6091 4893 4496 9015 8989 1719
29 5703 3185 9095 5994 7161 52 6876 7430 9241 9716 5687 655 1940 9297 8979 6846 9466 2848 746 4578 2225 8759 5401 3926 1896 8364 5991 5521 217
29 7756 1461 3141 7721 8831 4778 4295 551 648 8566 3535 7255 6814 7878 6086 8081 7431 4859 1851 7168 499 6707 8387 2602 2421 2834 6156 7818 3203
29 3869 1493 427 3272 5138 3086 6691 9360 3116 7208 3195 523 4990 2967 3857 9432 6423 2304 8210 6834 9028 4942 4367 7556 9561 8353 1269 6258 1242
29 223 7384 6276 59 1625 7889 8431 843 1380 1059 6993 9051 6905 2135 4393 9526 5450 9763 7719 2141 2 7059 4303 5400 8146 8811 7368 7182 4522
29 6372 8057 5825 258 3321 679 4154 2847 7977 9808 9124 8955 6341 4277 3715 236 5538 8280 3987 2177 8938 370 5344 4982 7010 9980 6066 743 8138
29 4626 5238 1243 2800 4588 9617 3037 3343 703 8169 975 15 989 4694 3240 8530 1428 3048 9756 2673 5384 1957 3692 5603 9156 4241 6126 7338 2218
29 1291 2459 2752 9529 1467 4163 8756 6542 1583 2513 9256 3945 6044 9453 9031 5198 1699 4993 469 8919 8722 6515 9359 4401 6662 1270 5449 6134 4640
29 6244 2692 8278 6726 2397 567 8046 3889 7712 4165 3319 9972 6475 2404 8028 3413 8721 1927 6642 5554 2572 793 6549 4941 6539 3807 8593 3023 2909
29 1196 5789 3232 483 8608 3742 3771 8711 4263 5440 7694 50 4973 5867 3174 1509 5181 2447 9604 2803 1305 3331 379 3509 2394 8805 7008 1012 2054
29 9789 4 8041 8707 682 7330 4287 9222 3016 154 2325 2224 3197 7744 324 9890 8067 7499 6458 1336 4742 9049 8150 6439 9755 9005 5899 157 5993
29 1301 5292 4777 1642 4272 2487 4424 5299 1809 2357 4924 8128 4954 5567 2561 2501 7742 201 8510 7893 3375 4145 7417 5179 5100 7115 6763 3323 5763
29 6049 4247 7716 8439 7412 8482 2037 1381 4213 3463 3227 8231 182 7259 225 1341 6299 3668 9622 5970 244 1391 5619 7366 5920 5141 183 2455 8994
29 2893 9251 4397 8423 9859 7387 3317 2133 3329 4111 7458 1928 674 958 7883 5160 2203 4671 5762 9723 5089 8998 3118 9019 4750 8624 667 7171 9956
29 513 235 2626 8313 1184 2414 3348 3957 1316 8861 7444 3300 2650 5110 6180 1917 3851 2590 4259 3136 2096 3139 5866 7109 2667 4201 8548 4371 6971
29 818 4225 9884 9361 8732 6862 2197 678 8016 3997 1714 5845 4306 3780 4208 8085 3358 6785 381 8590 2762 3278 1938 5536 2285 9721 1458 9304 5857
29 5239 1965 7543 3015 7054 5903 2094 8944 4116 8689 8414 8160 7784 6709 295 1085 8447 1071 8008 1661 9493 3731 9078 385 3365 3008 9128 546 261
29 4590 6012 8097 8330 2140 2233 7674 5421 3902 3155 388 6624 1244 6934 5958 848 8693 8442 6368 7359 2413 7321 9105 1309 5933 3302 556 152 4074
29 8136 9293 998 1054 2022 4544 3834 8139 5104 6088 8366 3166 6312 4985 6383 9600 6097 9715 2169 5821 5809 7217 9696 5951 1773 7494 3665 7856 4992
29 3910 7288 4504 617 2724 9722 6868 4585 6139 670 7215 6358 6863 1950 2546 7024 2311 2504 1426 3805 7016 9905 3226 9522 8557 9946 1015 884 5457
29 8492 4676 6977 3532 6222 8821 2345 4443 7023 5289 3279 4216 2537 5718 76 1775 7012 677 6119 8034 561 3576 47 2958 9823 1916 4001 3063 7152
29 4837 5515 2306 2601 3627 2950 3421 5044 3793 7707 6655 9433 4108 3325 4602 9379 131 4622 1400 8122 7686 8303 8285 6632 1189 8382 2220 8618 2915
29 3685 2898 2841 6376 5397 4355 7806 680 6324 4842 1041 8847 4028 4604 6181 3650 2612 7547 7197 3652 7135 5853 5729 5868 7525 3247 9692 8469 2313
28 2385 298 9699 2150 2784 2657 8108 2152 2217 2712 1134 5508 6246 6220 7218 1739 4043 5593 1506 3979 7966 6686 70 8496 1648 8477 8091 1497
28 9780 8266 7760 701 3495 161 8787 7550 6527 5395 3578 5170 1750 710 4202 9844 7992 6520 6061 9108 4058 8637 5240 7085 1537 5627 4780 8174
28 227 1020 3654 5259 5955 9419 9954 4515 9892 2333 1089 9652 9943 3911 5185 7374 6217 322 5310 774 6792 2991 9072 6216 9792 5829 1261 1155
28 5721 7532 4070 4790 9411 8855 6659 2448 192 302 6033 1415 1145 9788 2420 4500 8255 6972 7322 2634 6508 3774 9347 91 5218 7942 6925 9301
28 1367 1275 1234 1047 5204 2605 3877 466 6604 169 8189 812 9809 89 2947 3451 5894 187 262 5003 3686 7050 4925 1161 9487 7362 908 5602
28 2368 600 5316 5765 2998 337 6501 355 8154 9404 8541 889 3387 3606 3282 4051 1971 2545 5186 1352 3399 431 3543 3270 5409 4554 9357 3890
28 4718 115 3986 214 5969 3836 8758 9547 6485 3644 9374 9215 3199 9302 8535 2064 1358 5032 904 1138 2028 4572 473 4857 9260 7652 6959 9866
28 7528 9815 1910 1546 5354 7816 8368 6600 9633 7066 7804 881 7768 6232 5671 9805 102 7851 3818 7276 5812 6010 5807 769 382 4157 3511 6845
28 3620 6374 6290 2093 285 5051 399 8616 5094 8997 409 500 4200 681 1407 4916 7583 6102 7015 9675 9778 326 6621 2829 692 7363 8263 8506
28 7310 3763 7055 4193 4380 8883 6509 9726 5190 1516 1578 579 1962 9152 463 1857 6940 1692 8270 8853 1945 2818 943 7520 3255 7602 5698 6535
28 422 5228 2155 4262 3289 8985 9055 5266 1470 4950 6027 8380 6544 3633 6274 8964 2973 8444 2929 3813 3400 9479 7397 6116 410 7158 2461 2708
28 6677 7145 8914 5632 5118 443 3592 6375 9757 4400 1978 8536 1388 2704 2219 6152 3291 3628 8878 9556 8272 6996 2091 1813 6723 7512 9812 9175
28 9666 9216 237 2971 281 2211 4845 8435 4467 9895 901 6404 9223 6101 2216 5406 9150 2456 1125 8365 6976 8265 2337 6638 372 6242 772 3344
28 1698 3245 1478 2148 7257 3929 1394 1819 128 8775 8440 6806 8335 5701 6499 9027 9265 8866 3104 8497 5722 8468 9016 6151 684 127 9484 8896
28 9311 659 9672 7845 8 1674 3143 6183 9351 1631 9316 9576 5557 6804 6904 90 7414 4605 4509 2989 7264 1538 2744 7356 5921 4659 1272 323
28 2237 1156 2476 3827 7254 5808 9793 3651 7967 241 9739 8838 7134 5547 3967 2510 9818 4543 9729 8567 4119 7307 6701 7483 4729 972 1601 2551
28 2823 4641 4678 8827 7339 8019 5897 6853 9728 2127 7486 5306 7187 3517 1485 8907 6456 3977 6840 2191 7460 8634 2143 8942 8060 9929 734 6933
28 9783 7667 3914 8192 9171 2257 763 2550 8793 4394 9804 1926 8488 3996 9090 5904 9043 2812 4459 773 8639 1932 651 3792 7267 80 6191 1424
28 1180 2706 9634 8808 6580 3760 5623 7534 4769 5647 8954 4645 5919 7788 2174 6176 3059 2437 646 4731 9620 2326 216 2977 5431 978 8663 6512
28 4137 7623 4479 7409 2505 6630 603 9932 5939 7265 2678 9269 9680 5325 6140 8204 7172 5533 5442 5566 9640 3216 9486 1427 4989 7882 1872 1182
28 4258 9046 2586 8211 4278 8340 8559 9843 3409 9232 268 4244 2230 1199 4508 8076 3062 4089 4292 2533 3431 6772 9978 8395 5451 8921 5279 7097
28 2343 7479 5491 8158 7676 3850 6728 3030 2517 363 4962 2432 8450 549 2410 9100 7491 9563 2844 5055 8982 9717 4016 7751 5183 934 9068 3332
28 4009 1638 6042 554 5890 3095 7615 5873 3092 9911 9113 9770 6798 4199 3767 2316 196 5960 7718 6617 5156 5083 1263 5293 4279 716 5410 1106
28 4234 1176 720 8268 7658 7711 1304 4358 3156 9230 4957 8249 5415 9656 6975 2112 6882 2070 5264 787 9579 6605 5884 913 5524 6616 5251 8323
28 7998 3422 1022 5273 9542 6462 1531 3913 9056 3163 2733 7625 3170 7507 2599 8168 2090 7551 789 3683 3281 9044 1541 9276 2485 7655 2781 2543
28 4923 8393 35 2777 4410 4336 9246 539 470 212 1590 9643 9869 8965 3416 9612 3704 1798 3785 1823 3017 5791 7905 7677 1734 1062 803 4205
28 2763 7850 7423 7231 1885 4717 2691 8691 7968 6135 6201 5196 1900 2207 7774 1508 1931 71 7505 5743 5923 3726 9825 3256 999 6623 9824 553
28 8857 762 9218 8503 197 2542 7045 2270 9619 8369 7089 7754 7049 9204 7708 6669 9573 3501 4975 7578 1056 6131 336 7573 4825 7651 2860 9163
28 8773 2785 6400 4847 3750 7978 4552 199 875 887 3505 6601 6127 9366 6311 1488 1905 8550 4034 3496 7915 4192 4061 5956 9460 7953 4683 1438
28 4655 2507 1369 5487 6436 3640 3346 8886 2239 125 8319 8135 8577 4480 4418 8235 5764 3656 1637 5905 8040 4795 9314 9536 1432 1542 2173 4574
28 7287 1884 3011 7228 2338 3930 4086 5587 5990 8714 4919 9539 7361 9802 5027 8876 7030 1447 4879 8271 9833 2585 6233 4230 8747 384 5827 252
28 6117 2723 2187 166 1050 6736 502 6365 4386 2948 9744 2449 4175 6429 8416 2994 8317 1787 9490 552 5523 927 8676 1742 9131 7426 9264 6251
28 4787 5832 4878 1004 2110 3058 8648 7582 1550 7569 1093 790 7 4888 2024 7715 4614 8096 2294 2757 1226 6923 3084 7614 3593 2278 4983 213
28 2892 9170 2568 341 9874 850 3706 3309 7860 8363 5642 1524 9194 1683 9500 5066 4836 6198 1622 4246 8239 4881 849 7129 6939 6956 5896 455
28 8956 8453 5928 6205 459 7746 6308 9961 3670 1682 505 1476 468 33 4953 151 5940 9981 5971 1859 6779 2265 9880 5640 2157 9201 8748 9274
28 9322 2416 1120 3598 8905 3770 9970 5438 3 7005 8300 992 9107 2745 3388 5900 4227 7388 4967 2342 175 2339 3020 810 5488 2332 4266 1355
28 9584 8153 5301 5370 2363 2373 1223 1413 6443 220 1864 8785 4998 2196 7918 4240 9599 343 697 775 1521 8917 4333 8374 3800 8806 3427 6041
28 8315 6874 1618 976 7787 7094 1331 3398 6990 1528 9631 804 4889 2716 7002 2508 9876 9059 9509 137 1713 8199 8744 9303 1200 5797 1123 4273
28 4715 9263 4816 3973 7335 4469 3537 9039 4249 1141 9898 9111 1440 6673 5484 7193 46 8301 4580 1619 5435 9003 3619 6075 5024 8100 9524 4691
28 8264 2348 5954 320 3822 5133 7485 5549 9691 1793 8656 4898 6028 1498 2083 5119 4285 2307 6325 1960 4507 2383 3196 4804 5162 3634 2811 7163
28 4095 8083 9513 7377 4684 3646 8966 7587 7805 4038 559 1771 7548 2858 8682 8843 1185 2995 2429 4848 7608 6468 1999 4375 7326 2030 5801 4945
28 5493 7122 4727 5148 6249 9820 6237 4796 6408 693 616 2039 564 9032 1375 4178 1533 7935 7546 1421 7502 441 194 4968 3900 7842 6907 3235
28 6479 8592 9054 5322 4963 4172 3264 2045 6036 5691 1365 8984 1671 9183 3397 2235 5931 9797 3478 8155 8258 899 6192 4471 5311 9836 7292 4854
28 5555 1863 1132 3561 6547 1921 5307 2353 1053 5232 2663 5664 5677 7835 1139 3526 3848 9760 9334 3085 3684 9621 6844 707 6672 8661 9499 1953
28 2142 1456 6553 9130 6161 74 5841 647 2269 4884 8486 1114 8177 2009 7513 5163 1033 9779 9810 2845 3296 4408 3844 1684 6344 1665 2399 8877
28 5233 525 698 4466 8586 4221 5726 5298 1496 8976 2179 592 2358 6185 6093 623 6942 5135 9516 9447 6981 8131 8361 7896 9384 6281 4031 6746
28 4861 5477 5206 8552 8402 3295 9743 6965 7343 9025 6738 1279 6145 2795 6438 918 9075 3178 2725 1003 6048 5059 1266 5525 9959 8430 1860 7920
28 8710 5690 3122 2212 581 5569 7342 4568 6200 700 5982 9525 1685 190 2503 2231 2894 4530 444 7791 1782 8849 177 560 7132 535 1484 6143
28 4864 6951 6022 1975 8120 8501 5670 6357 300 4146 2659 4872 4947 7678 7572 2574 4516 7048 778 436 7933 7949 6226 2993 3922 4446 801 3523
28 596 7159 891 3626 9642 7453 1586 386 6986 7184 951 3220 3879 1373 1064 36 5136 3903 1977 7337 4435 9742 9312 2260 7943 1284 5871 9806
28 4592 8093 2749 498 8039 2367 5187 9854 5152 2000 8702 4101 7069 5996 3161 2116 9616 0 2900 377 3249 7237 3798 1370 3826 350 8460 7601
28 332 2403 7313 3942 5261 5820 3046 8934 345 8818 2979 676 4474 7492 5989 7364 6787 6773 593 1608 8425 1788 5454 6287 2837 2711 3044 319
28 7923 2213 8774 7981 6235 5666 2644 7230 85 356 7141 2386 9417 562 3832 5505 4032 5585 4409 1360 1002 6005 344 1626 3276 1641 7153 6870
28 1303 713 632 931 9574 4855 4238 5088 3746 6197 5084 2960 2565 8032 7131 6420 7894 5652 1724 6704 96 7224 9018 9074 1285 6753 1406 2986
28 6657 6402 4014 723 6670 5294 8377 5618 8812 4188 9345 5383 1883 9342 9321 8547 4454 2693 95 7355 7934 6562 3236 5918 8259 9495 5015 7296
28 1913 7555 7946 4458 7090 2415 8622 836 7441 2611 9900 538 6168 8124 378 8339 5453 1929 2103 2560 4937 4125 7734 4621 3299 6924 200 1302
28 9996 945 9893 5511 5237 9070 454 3494 1100 3079 8973 9505 1102 3154 557 7595 764 3872 5230 6671 7376 808 4666 9557 5416 5706 5720 5668
28 3755 5608 2970 7515 5689 842 2838 4432 8049 4939 3579 8159 2614 9257 5112 5388 73 186 8781 4611 9132 6256 3533 8800 4487 838 8408 7997
28 3795 3702 2891 153 6790 7433 2095 5818 6698 7705 3392 871 2952 6694 8312 6650 5590 4730 6838 9324 8000 497 7682 9023 860 7698 3262 2076
28 6275 6832 5241 9552 6297 6983 4747 5938 7529 9697 6037 797 1029 629 8531 6457 627 9899 8705 2347 1028 1908 3263 9974 1325 3210 949 4006
28 7687 779 335 8958 1017 9663 8490 9336 7487 4476 9398 9022 8054 5707 8860 6987 6280 7796 5332 6229 1687 2732 5195 8538 5428 9919 5324 7839
28 5443 2443 3474 7873 9650 8842 6903 2284 9212 8542 3318 8428 8880 1250 1397 768 9963 6810 7043 4218 7347 3678 3322 5418 3159 4905 5748 9002
28 7398 7517 9064 6875 1 7537 806 1412 1712 7464 1264 5782 3802 7564 6026 906 5399 9910 6811 9471 4362 9587 142 5115 1039 8508 3664 9282
28 9944 9608 7118 5398 9636 57 3361 7781 1740 3283 5129 5026 7263 9819 4398 9746 1111 5225 9470 8780 570 7814 8188 5805 5983 5811 7541 7349
28 5050 3055 5798 7032 7897 4728 9375 2772 9941 8534 3729 4365 1422 7748 3931 7450 7872 9921 4958 2851 4647 3000 7469 299 249 5984 1492 6730
28 9688 7697 404 1408 7205 9648 4275 721 4177 9769 9931 2643 6578 4048 9349 9953 6224 5650 8101 242 4340 7995 771 9984 7422 8475 5194 9053
28 983 2682 4488 2145 7204 8631 3404 4649 4593 8834 9165 9674 3631 1292 1718 61 2008 5643 8783 7714 28 8184 4260 9971 3087 2864 4642 4956
28 4776 1577 9568 6035 1830 339 3164 959 5541 9114 6089 2827 2126 7381 8524 9328 4417 3951 2972 8629 6866 7419 5172 8807 7506 5910 4773 9009
28 3292 3479 9142 7334 6482 8889 5479 602 2808 4447 1318 1852 4596 1153 7294 5082 8389 6316 8415 1636 3419 2361 5318 1982 2038 6236 2023 9662
28 1206 9927 5648 2690 5667 1573 3821 9110 9231 4991 3539 5134 7594 6252 5282 9151 8200 3047 448 902 4338 1746 1215 733 4766 9913 7629 7702
28 919 5783 429 6054 1009 1807 2945 3754 962 1117 165 9671 7926 1469 5076 2535 8472 4449 7021 8846 9527 3512 4713 5367 3382 5580 6019 9145
28 7830 2828 3493 9647 7523 2240 5426 9352 650 1158 6945 6765 7306 2088 3819 9458 8438 8413 1949 6878 6496 7948 4160 5101 2520 9188 7124 5800
28 1702 5000 9193 6378 1784 145 6908 1378 3472 656 7672 9 8816 1171 5917 1312 9986 3841 4255 950 1344 3817 1026 6106 7809 9860 6188 2821
28 3998 6288 7304 1988 3351 2863 7620 7741 3441 3531 1178 1769 6916 2351 7511 5872 2165 9236 5065 618 8324 360 6764 8180 1803 3490 453 2471
28 8295 1402 2747 7729 5999 3222 9450 6204 34 6927 5466 8404 2840 3205 5553 5229 669 6913 9413 6329 8251 3206 7521 6667 2209 7088 6531 5396
28 9676 487 9988 619 3555 8600 4599 1001 8844 1704 6166 757 3584 9912 7093 7770 7071 7861 9510 9418 8326 6449 7100 944 7386 7106 6171 3880
28 8337 6206 7013 1399 7524 6590 5392 5335 7922 4630 7105 5125 9338 6720 8487 4024 6387 7554 357 807 6899 8571 7637 5830 1296 7544 9827 4372
28 3426 8088 2698 2820 6656 8321 5254 5944 1109 5326 4986 3034 8986 4534 7563 2189 7075 4757 7508 4065 8350 2861 3602 1892 5731 4820 7275 4613
28 8692 1326 5394 6859 8670 8125 9467 7062 8678 5430 118 5582 5680 354 5203 2753 7452 2244 4615 3546 1277 9037 8356 5123 2250 6503 4695 6063
28 1019 892 3207 8429 2903 9969 5343 7736 2106 2208 493 4182 3123 3672 4996 1741 894 7041 2793 2867 6678 6777 2184 1845 5654 7668 6157 1979
28 6559 238 5860 9290 504 2295 2920 6751 8451 3829 6818 4874 9286 8090 3109 1844 909 1079 7874 4412 1855 6760 2624 380 5622 6165 563 5974
28 5784 2735 5158 587 4433 4318 2789 725 2181 1526 3700 4379 1901 7659 2489 8290 1915 2283 986 4019 6843 8197 7086 1276 8292 9644 7128 3367
28 2134 5681 1986 9385 6666 671 4143 8436 2020 4136 9220 8766 9684 996 3861 2883 8925 2630 1594 3860 2707 5492 2073 8991 2813 8242 5875 9558
28 6727 1893 7078 1024 7065 3753 7779 9477 8262 8484 5819 4212 1289 7104 8026 7586 6519 8375 2460 590 2756 1339 1520 4430 7092 6029 7329 4460
28 2924 5697 4179 6424 8809 432 5651 5361 6150 6563 4110 662 9658 9759 9689 9497 2761 2802 8094 7545 3925 374 642 9449 2451 9248 84 9368
28 2553 6700 7991 9112 1454 5280 4080 3165 2963 4999 5961 2655 9639 3761 2567 9597 3711 9998 8719 4839 1670 8795 6195 7772 1540 7909 3960 6900
28 8500 739 4791 6432 2919 8152 4314 9461 6973 4698 6842 3497 7819 457 7579 6614 7283 1677 4026 2473 2469 5804 467 7692 5217 5461 2876 9335
28 8797 741 9424 840 4915 2214 9862 3475 5774 5986 257 9828 2425 3833 1297 4631 5371 5403 6532 4198 8360 583 6323 7891 5833 3423 4511 2652
28 7084 5911 1826 2536 4250 2200 7764 9024 9586 3489 8129 9363 2280 6255 2379 5708 3921 221 5034 859 3553 5626 925 5584 7309 8706 8289 1105
28 7626 8915 4865 1072 3503 4325 2770 9714 9017 9182 6289 8852 5004 4482 5035 7994 3776 5417 6516 2423 9176 325 5007 9687 8252 172 5976 6607
28 8948 6877 6815 9242 8697 2736 6974 8114 9409 863 3250 6359 3641 1701 3312 11 5945 7273 8229 3146 9250 3393 8929 8458 7581 7226 5754 5724
28 3744 9329 6268 4128 7987 6209 2925 75 526 3294 5097 5597 4933 3701 4692 3970 2321 7195 719 1800 4073 9234 5243 7685 1321 9541 3126 5934
28 5248 7068 8679 226 5155 8873 9451 5516 1705 1376 6228 63 2882 748 7775 4908 407 6189 6637 5699 3904 7522 2571 8523 1620 8465 9886 1320
28 2935 2171 1560 9101 6988 601 8025 4270 8187 524 3551 6115 9416 5291 5014 1972 8803 150 1236 5777 1203 2666 6722 8186 611 2582 3218 1504
28 5558 7076 9967 2015 7137 6839 3052 1379 9745 2035 6348 3184 1530 6568 8298 5188 7955 594 9934 732 5226 4758 1130 6425 6841 1471 9084 965
28 2273 5578 9856 4562 1327 8405 3765 1838 9040 3847 1895 8553 4326 4210 6619 6305 4662 3077 9855 2079 5596 8132 3471 8613 6263 240 7370 7591
28 5601 9437 347 9591 1697 4428 4294 2428 101 313 6250 6267 9389 3943 132 3814 4921 3751 8580 9571 8636 3193 1356 4374 7047 1715 6388 2047
28 7954 6300 5846 1128 2115 5334 2202 3725 1436 7832 1466 279 1997 5733 2241 9308 6507 5312 1609 9813 2962 6909 4180 4928 4755 9817 7252 8897
28 7783 2417 7449 5930 8740 995 7765 8349 4906 39 3949 1389 9052 5482 1181 4490 5109 6504 9710 2685 5231 5973 4383 9041 6491 5063 2529 4800
28 9575 3394 5419 3261 5269 8879 4518 3663 6689 9627 7266 7607 1747 2676 5448 4327 9431 1943 2138 5883 1149 3418 7083 7169 6108 6762 1016 3891
28 796 9922 8001 8419 8167 1383 5855 1425 4686 7285 99 3234 7478 7898 3405 5565 6351 2153 9192 3391 2798 5249 3274 984 7740 6334 9659 4403
28 6767 1849 5106 4426 6160 6918 2481 5609 2632 9776 8334 8832 3417 6622 7199 9399 5529 124 9405 8871 613 9883 288 7815 3794 8078 4772 9403
28 4021 44 4068 6361 4597 9327 5476 5151 2468 9935 6643 4716 2688 7958 479 4288 4629 9995 610 6761 5957 7317 1853 248 7413 3061 823 8715
28 6453 8215 6552 4493 6247 2686 1906 4366 9741 3036 1963 5660 9896 4489 9387 3012 2832 3410 5463 833 5284 4545 841 6264 1442 8779 9767 9863
28 3018 8172 2783 4638 1543 2897 7058 3089 297 3933 5675 7286 1174 1108 1732 6130 4519 9258 8443 4339 2720 4301 7346 8014 312 7570 4030 9816
28 3909 3958 4571 7947 1475 7558 2227 5300 7214 3703 3585 1280 7466 9861 1897 3716 7022 6829 830 4149 5201 239 4806 275 266 2433 120 1726
28 3024 8730 4186 5381 5615 1435 4646 5612 8224 9272 8024 759 9135 9086 7931 7664 1686 7767 6633 5429 477 9076 4912 6370 6493 5369 8316 9683
28 8856 4701 9936 3265 3604 9083 8282 1245 9777 8194 9975 1959 5859 3357 64 6174 9838 4078 1681 4564 3510 4875 1600 4481 8293 641 2346 4290
28 8151 9768 5719 7769 4591 4688 7750 8464 9147 4457 1140 2388 9994 8223 5506 4191 9092 4759 5422 38 3189 7496 9598 2228 8065 2942 2329 1202
28 5120 5444 1499 5018 5885 2541 503 7755 6506 8165 5246 740 2078 6113 2010 5480 6353 5423 8539 8755 5636 3498 4087 2538 4810 1762 9106 3797
28 2790 3053 419 847 3103 7446 3655 4109 8236 6050 6469 4329 7908 3990 3722 9071 2588 7844 1319 4940 3952 933 2483 7007 5102 4896 8105 6146
28 5552 2062 9582 9504 9228 2293 4150 2547 5111 4321 1812 6576 8975 2382 3002 3068 8527 4462 7964 2554 8179 5749 8344 3339 5364 7072 558 426
28 2267 566 1082 955 1157 6629 9501 5759 1919 2937 5767 4441 8306 4066 3575 1629 1833 4147 5086 7501 4669 3932 1623 4151 1818 474 5723 1610
28 9137 8519 1562 6277 9093 3777 6714 1889 5614 9736 6107 3572 4248 9146 3376 3659 6949 6635 311 4448 2084 4788 3454 8927 1116 8087 7165 5519
28 4023 8799 7154 9365 6083 2146 5357 5831 1374 8891 1127 8426 1993 4483 882 2309 866 114 1021 6734 1101 9690 5147 278 8734 8694 1996 3521
28 7406 9852 7373 7973 1874 8243 6336 7223 7983 4880 985 9548 8884 6345 2336 825 6850 1862 402 8551 7113 3243 5308 4770 664 8894 4495 4635
28 2968 8533 2277 3937 6352 3145 7042 7921 8476 7351 366 5070 7510 6995 4858 6301 8467 4237 2577 7571 6072 3442 5178 2530 8643 5927 5199 4587
28 103 5879 3246 794 7593 1349 6610 9410 6935 1991 7733 4877 1258 6187 8212 5465 751 6059 7332 4330 1511 5700 5752 5173 5739 4517 1647 3784
28 1486 2884 117 9483 9198 515 3989 827 3838 3786 4243 4064 4719 9847 545 9902 3830 2463 9704 6883 2524 3757 6564 586 5661 2180 5483 7095
28 4485 8449 1984 9613 2514 2905 5810 4144 2123 3072 2607 6938 9878 6427 31 8649 1216 1571 8126 540 2622 4102 2531 2779 9765 865 4041 4135
28 6579 1514 5445 2119 20 8020 9224 3735 3934 3456 8911 4700 3538 7249 2390 6599 3029 1564 8603 1529 2436 1871 6273 9296 3727 9087 3504 3153
28 7037 8499 7854 522 3395 4918 4948 7155 1487 5844 2446 1299 1354 3445 9845 954 9395 5513 1322 4980 9966 3385 9865 3269 947 4775 8969 7588
28 9425 8133 1519 9281 970 2532 1505 1077 2638 7439 7353 7316 8358 696 6529 1970 7393 9476 7455 3335 8033 3897 6451 7669 8768 7993 4801 3362
28 914 8943 7493 2669 4206 9901 7121 9444 6221 69 2629 7185 5447 9496 4709 6478 3964 7566 3275 4841 9829 5475 9702 1166 3204 7241 6039 6752
28 1225 7504 7392 2974 2702 4966 6362 3006 1090 6238 2511 4885 5469 689 1667 8401 7825 8171 5869 340 2041 2714 478 5633 9426 2059 8384 2718
28 6586 3586 5987 7820 6284 9933 3679 7789 6227 761 6292 5768 6522 8903 4697 8029 7798 543 8164 4714 1777 4761 6071 2130 8848 2997 8147 626
28 9867 7213 7110 3268 3132 7793 12 7928 3303 2025 8951 2740 8761 6492 7654 3580 1829 4582 9401 2573 1190 2635 260 4450 568 4736 3950 1455
28 8574 8709 8412 1954 5235 6930 7186 4328 3875 4072 7443 6820 7641 3983 6211 6410 3502 2075 1815 4444 749 5256 3049 7467 413 5656 640 5378
28 8983 7324 4521 4010 1710 5068 4189 2328 494 6062 8836 6780 1343 888 4901 2961 6646 9047 9979 728 9006 819 2232 2796 2719 4782 6494 9610
28 2158 731 2739 7828 5600 8437 9569 6094 2932 7561 3201 5842 7268 4721 6110 7803 7670 6294 168 4620 8726 6100 1930 7704 2466 9307 915 5638
28 4938 7807 683 7179 4907 4946 7236 7720 6001 7516 3639 9435 8009 4491 1856 7262 1662 433 2771 6477 8491 5854 9020 9190 5171 3643 923 7421
28 6572 3380 53 2427 3948 4378 6014 8743 2186 1450 3956 3056 6626 3173 1589 1547 2855 9711 2288 7402 387 7645 1828 7963 8801 1563 880 1273
28 5548 5758 4090 7040 5527 2050 7194 4520 2300 1351 4799 6047 9567 4706 2004 5274 3342 736 9120 1163 7281 2616 5252 6196 9566 2340 2680 4464
28 9964 1974 2516 7079 9850 6545 1772 7064 1868 4619 6020 3438 8659 8241 6426 1643 8244 4131 376 1925 5302 9144 3783 6950 4103 9294 5114 8373
28 9720 9940 9285 6658 6169 5060 9214 8248 8901 1474 1785 3557 6731 7383 3863 7244 425 6744 5404 9008 8388 3107 9708 8064 9026 2760 9279 4876
28 2623 2188 392 219 7840 3050 5537 6708 3386 5214 2868 3476 879 9577 8517 5688 1445 2003 3661 7855 9685 4437 2317 3100 5571 3324 8170 8069
28 7001 2916 1575 232 2934 3140 5331 204 4093 7749 6373 8762 5526 2422 1195 1051 1599 8909 3446 2044 7886 5132 5568 4650 8970 1495 5305 3181
28 2163 5861 7261 580 8061 1080 2831 403 6967 7318 4531 4253 5972 6167 5078 6791 7538 9149 9102 6004 7853 2493 7461 9268 1934 1882 2497 5514
28 2922 981 6158 3600 3437 9094 4420 1566 8424 5592 1348 1707 146 7039 4098 309 7986 3001 8665 802 1281 3183 9888 1825 5669 7297 5393 8971
28 3039 3108 6190 8646 1778 5543 4271 7174 8099 7229 1146 4484 521 5838 1756 9030 9439 3481 2029 9394 9945 9555 3905 6096 3396 3681 5912 3360
28 9814 456 2557 1092 4579 185 9908 4084 534 8493 2131 6314 935 6984 2299 2411 3563 6011 727 8995 7108 2296 1058 6627 3212 2603 9906 4159
28 7885 1213 6867 3671 5022 1973 760 4197 9249 7857 2583 2490 8784 9169 3233 6534 1634 3739 32 5338 3669 2400 2731 8769 6486 5572 6856 1797
28 3759 6464 3752 6320 9602 6278 3583 577 7459 8347 7099 4546 1249 4752 5595 3944 1257 6955 599 4421 5694 1113 4298 2099 967 9983 6961 7797
28 6025 7369 1452 9677 358 1240 371 4099 994 7743 6784 8967 3908 7164 3547 4822 1409 2324 948 6080 7735 829 290 1439 1067 2236 9537 953
28 2957 6873 7327 3923 8865 2647 6394 2350 104 415 2159 8338 9488 5908 1222 7605 316 1045 8286 1434 1596 5303 6495 6830 5045 8786 1392 531
28 9545 1049 2878 7780 8221 2450 2366 4533 6711 9641 3562 9103 8642 3147 7473 9957 2292 6179 9339 5574 2104 4566 6880 3882 3907 4130 8027 7227
28 9614 8304 7879 9153 3740 4267 3487 1598 6941 4085 6889 2335 464 844 7382 7150 8082 4882 2190 6583 7927 8217 6306 1911 8237 4890 8717 25
28 942 4805 2899 1396 6430 5864 1700 4971 4559 7646 756 2778 5315 8727 2758 7930 62 8348 5149 6680 5876 4897 7622 770 9939 9121 1133 1036
28 5468 8052 4129 7802 8854 861 3887 3045 1363 7415 5366 4904 2371 5028 2737 7207 9396 1335 5907 9485 3599 7074 6065 1827 966 5337 1802 7156
28 8287 6717 113 1008 4000 695 178 5002 3577 9623 3064 7484 5834 3434 5685 3177 3733 5787 6326 7451 9397 7799 9960 4003 2902 9511 7713 964
